<?xml version="1.0" encoding="UTF-8"?>
<!-- Generated by org.testng.reporters.JUnitXMLReporter -->
<testsuite ignored="0" hostname="Gurleen-96" failures="2" tests="23" name="Test" time="186.574" errors="0" timestamp="2024-07-08T16:15:28 EDT">
  <testcase classname="com.naveenAutomationLabs.PageTests.AddressBookPageTest" name="addNewAddressToAddressBookEntries" time="4.299"/>
  <testcase classname="com.naveenAutomationLabs.PageTests.AddressBookPageTest" name="deleteAddressFromAddressBookEntries" time="1.396"/>
  <testcase classname="com.naveenAutomationLabs.PageTests.ChangePasswordPageTest" name="changeAccountPassword" time="1.783"/>
  <testcase classname="com.naveenAutomationLabs.PageTests.AccountLoginPageTest" name="validateForgetPwdFunctionality" time="1.861"/>
  <testcase classname="com.naveenAutomationLabs.PageTests.AccountLoginPageTest" name="validateLoginWithInValidCredentials" time="0.959"/>
  <testcase classname="com.naveenAutomationLabs.PageTests.AccountLoginPageTest" name="validateLoginWithValidCredentials" time="1.218"/>
  <testcase classname="com.naveenAutomationLabs.PageTests.AccountLoginPageTest" name="validateLoginWithValidCredentials" time="1.213"/>
  <testcase classname="com.naveenAutomationLabs.PageTests.AffiliateInformationPageTest" name="modifyBankPaymentMethod" time="2.398"/>
  <testcase classname="com.naveenAutomationLabs.PageTests.AffiliateInformationPageTest" name="modifyChequePaymentMethod" time="2.125"/>
  <testcase classname="com.naveenAutomationLabs.PageTests.AffiliateInformationPageTest" name="modifyPayPalPaymentMethod" time="2.215"/>
  <testcase classname="com.naveenAutomationLabs.PageTests.RegisterAccountPageTest" name="createNewAccountWithNoSubscribingNewsletter" time="2.949"/>
  <testcase classname="com.naveenAutomationLabs.PageTests.RegisterAccountPageTest" name="createNewAccountWithSubscribingNewsletter" time="22.102">
    <skipped/>
  </testcase> <!-- createNewAccountWithSubscribingNewsletter -->
  <testcase classname="com.naveenAutomationLabs.PageTests.RegisterAccountPageTest" name="createNewAccountWithSubscribingNewsletter" time="22.372">
    <failure type="org.openqa.selenium.TimeoutException" message="Expected condition failed: waiting for element to be clickable: Decorated {[[ChromeDriver: chrome on windows (af72ae841e16f00feed0a8daed65b989)] -&amp;gt; css selector: input[type=&amp;apos;radio&amp;apos;][value=&amp;apos;1&amp;apos;]]} (tried for 20 second(s) with 500 milliseconds interval)
Build info: version: &amp;apos;4.21.0&amp;apos;, revision: &amp;apos;79ed462ef4&amp;apos;
System info: os.name: &amp;apos;Windows 11&amp;apos;, os.arch: &amp;apos;amd64&amp;apos;, os.version: &amp;apos;10.0&amp;apos;, java.version: &amp;apos;17.0.10&amp;apos;
Driver info: net.bytebuddy.renamed.java.lang.Object$ByteBuddy$0kyQjLf5
Capabilities {acceptInsecureCerts: false, browserName: chrome, browserVersion: 126.0.6478.127, chrome: {chromedriverVersion: 126.0.6478.126 (d36ace6122e..., userDataDir: C:\Users\GURLEE~1\AppData\L...}, fedcm:accounts: true, goog:chromeOptions: {debuggerAddress: localhost:61796}, networkConnectionEnabled: false, pageLoadStrategy: normal, platformName: windows, proxy: Proxy(), se:cdp: ws://localhost:61796/devtoo..., se:cdpVersion: 126.0.6478.127, setWindowRect: true, strictFileInteractability: false, timeouts: {implicit: 0, pageLoad: 300000, script: 30000}, unhandledPromptBehavior: dismiss and notify, webauthn:extension:credBlob: true, webauthn:extension:largeBlob: true, webauthn:extension:minPinLength: true, webauthn:extension:prf: true, webauthn:virtualAuthenticators: true}">
      <![CDATA[org.openqa.selenium.TimeoutException: Expected condition failed: waiting for element to be clickable: Decorated {[[ChromeDriver: chrome on windows (af72ae841e16f00feed0a8daed65b989)] -> css selector: input[type='radio'][value='1']]} (tried for 20 second(s) with 500 milliseconds interval)
Build info: version: '4.21.0', revision: '79ed462ef4'
System info: os.name: 'Windows 11', os.arch: 'amd64', os.version: '10.0', java.version: '17.0.10'
Driver info: net.bytebuddy.renamed.java.lang.Object$ByteBuddy$0kyQjLf5
Capabilities {acceptInsecureCerts: false, browserName: chrome, browserVersion: 126.0.6478.127, chrome: {chromedriverVersion: 126.0.6478.126 (d36ace6122e..., userDataDir: C:\Users\GURLEE~1\AppData\L...}, fedcm:accounts: true, goog:chromeOptions: {debuggerAddress: localhost:61796}, networkConnectionEnabled: false, pageLoadStrategy: normal, platformName: windows, proxy: Proxy(), se:cdp: ws://localhost:61796/devtoo..., se:cdpVersion: 126.0.6478.127, setWindowRect: true, strictFileInteractability: false, timeouts: {implicit: 0, pageLoad: 300000, script: 30000}, unhandledPromptBehavior: dismiss and notify, webauthn:extension:credBlob: true, webauthn:extension:largeBlob: true, webauthn:extension:minPinLength: true, webauthn:extension:prf: true, webauthn:virtualAuthenticators: true}
at org.openqa.selenium.support.ui.WebDriverWait.timeoutException(WebDriverWait.java:84)
at org.openqa.selenium.support.ui.FluentWait.until(FluentWait.java:228)
at com.naveenAutomationLabs.Utils.ActionUtils.click(ActionUtils.java:40)
at com.naveenAutomationLabs.Pages.RegisterAccountPage.clickYesSubscribeRadioBtn(RegisterAccountPage.java:79)
at com.naveenAutomationLabs.PageTests.RegisterAccountPageTest.createNewAccountWithSubscribingNewsletter(RegisterAccountPageTest.java:29)
at java.base/java.util.ArrayList.forEach(ArrayList.java:1511)
... Removed 27 stack frames]]>
    </failure>
  </testcase> <!-- createNewAccountWithSubscribingNewsletter -->
  <testcase classname="com.naveenAutomationLabs.PageTests.NewsletterSubscriptionPageTest" name="subscribeNewsLetter" time="1.45"/>
  <testcase classname="com.naveenAutomationLabs.PageTests.NewsletterSubscriptionPageTest" name="unSubscribeNewsLetter" time="1.41"/>
  <testcase classname="com.naveenAutomationLabs.PageTests.AccountLogoutPageTest" name="logoutFromTheAccount" time="0.815"/>
  <testcase classname="com.naveenAutomationLabs.PageTests.ContactUsPageTest" name="submitContactUsForm" time="2.271"/>
  <testcase classname="com.naveenAutomationLabs.PageTests.LaptopsAndNotebooksPageTest" name="addLaptopToTheWishList" time="1.568"/>
  <testcase classname="com.naveenAutomationLabs.PageTests.LaptopsAndNotebooksPageTest" name="addMacBookToTheWishList" time="1.671">
    <skipped/>
  </testcase> <!-- addMacBookToTheWishList -->
  <testcase classname="com.naveenAutomationLabs.PageTests.LaptopsAndNotebooksPageTest" name="addMacBookToTheWishList" time="1.584">
    <failure type="java.lang.AssertionError" message="expected [Success: You have added MacBook to your wish list!] but found [Success: You have added HP LP3065 to your wish list!]">
      <![CDATA[java.lang.AssertionError: expected [Success: You have added MacBook to your wish list!] but found [Success: You have added HP LP3065 to your wish list!]
at com.naveenAutomationLabs.PageTests.LaptopsAndNotebooksPageTest.addMacBookToTheWishList(LaptopsAndNotebooksPageTest.java:43)
at java.base/java.util.ArrayList.forEach(ArrayList.java:1511)
... Removed 33 stack frames]]>
    </failure>
  </testcase> <!-- addMacBookToTheWishList -->
  <testcase classname="com.naveenAutomationLabs.PageTests.LaptopsAndNotebooksPageTest" name="removeLaptopFromTheWishList" time="1.535"/>
  <testcase classname="com.naveenAutomationLabs.PageTests.LaptopsAndNotebooksPageTest" name="removeMacBookFromTheWishList" time="0.001">
    <skipped/>
  </testcase> <!-- removeMacBookFromTheWishList -->
  <testcase classname="com.naveenAutomationLabs.PageTests.MyAccountInformationPageTest" name="editMyAccountInformation" time="2.656"/>
</testsuite> <!-- Test -->
