<html>
<head>
<title>TestNG:  Test</title>
<link href="../testng.css" rel="stylesheet" type="text/css" />
<link href="../my-testng.css" rel="stylesheet" type="text/css" />

<style type="text/css">
.log { display: none;} 
.stack-trace { display: none;} 
</style>
<script type="text/javascript">
<!--
function flip(e) {
  current = e.style.display;
  if (current == 'block') {
    e.style.display = 'none';
    return 0;
  }
  else {
    e.style.display = 'block';
    return 1;
  }
}

function toggleBox(szDivId, elem, msg1, msg2)
{
  var res = -1;  if (document.getElementById) {
    res = flip(document.getElementById(szDivId));
  }
  else if (document.all) {
    // this is the way old msie versions work
    res = flip(document.all[szDivId]);
  }
  if(elem) {
    if(res == 0) elem.innerHTML = msg1; else elem.innerHTML = msg2;
  }

}

function toggleAllBoxes() {
  if (document.getElementsByTagName) {
    d = document.getElementsByTagName('div');
    for (i = 0; i < d.length; i++) {
      if (d[i].className == 'log') {
        flip(d[i]);
      }
    }
  }
}

// -->
</script>

</head>
<body>
<h2 align='center'>Test</h2><table border='1' align="center">
<tr>
<td>Tests passed/Failed/Skipped:</td><td>18/2/3</td>
</tr><tr>
<td>Started on:</td><td>Mon Jul 08 16:12:21 EDT 2024</td>
</tr>
<tr><td>Total time:</td><td>186 seconds (186574 ms)</td>
</tr><tr>
<td>Included groups:</td><td></td>
</tr><tr>
<td>Excluded groups:</td><td></td>
</tr>
</table><p/>
<small><i>(Hover the method name to see the test class name)</i></small><p/>
<table width='100%' border='1' class='invocation-failed'>
<tr><td colspan='4' align='center'><b>FAILED TESTS</b></td></tr>
<tr><td><b>Test method</b></td>
<td width="30%"><b>Exception</b></td>
<td width="10%"><b>Time (seconds)</b></td>
<td><b>Instance</b></td>
</tr>
<tr>
<td title='com.naveenAutomationLabs.PageTests.LaptopsAndNotebooksPageTest.addMacBookToTheWishList()'><b>addMacBookToTheWishList</b><br>Test class: com.naveenAutomationLabs.PageTests.LaptopsAndNotebooksPageTest</td>
<td><div><pre>java.lang.AssertionError: expected [Success: You have added MacBook to your wish list!] but found [Success: You have added HP LP3065 to your wish list!]
	at com.naveenAutomationLabs.PageTests.LaptopsAndNotebooksPageTest.addMacBookToTheWishList(LaptopsAndNotebooksPageTest.java:43)
	at java.base/java.util.ArrayList.forEach(ArrayList.java:1511)
... Removed 33 stack frames</pre></div><a href='#' onClick='toggleBox("stack-trace1423160574", this, "Click to show all stack frames", "Click to hide stack frames")'>Click to show all stack frames</a>
<div class='stack-trace' id='stack-trace1423160574'><pre>java.lang.AssertionError: expected [Success: You have added MacBook to your wish list!] but found [Success: You have added HP LP3065 to your wish list!]
	at org.testng.Assert.fail(Assert.java:110)
	at org.testng.Assert.failNotEquals(Assert.java:1413)
	at org.testng.Assert.assertEqualsImpl(Assert.java:149)
	at org.testng.Assert.assertEquals(Assert.java:131)
	at org.testng.Assert.assertEquals(Assert.java:655)
	at org.testng.Assert.assertEquals(Assert.java:665)
	at com.naveenAutomationLabs.PageTests.LaptopsAndNotebooksPageTest.addMacBookToTheWishList(LaptopsAndNotebooksPageTest.java:43)
	at java.base/jdk.internal.reflect.NativeMethodAccessorImpl.invoke0(Native Method)
	at java.base/jdk.internal.reflect.NativeMethodAccessorImpl.invoke(NativeMethodAccessorImpl.java:77)
	at java.base/jdk.internal.reflect.DelegatingMethodAccessorImpl.invoke(DelegatingMethodAccessorImpl.java:43)
	at java.base/java.lang.reflect.Method.invoke(Method.java:568)
	at org.testng.internal.invokers.MethodInvocationHelper.invokeMethod(MethodInvocationHelper.java:135)
	at org.testng.internal.invokers.TestInvoker.invokeMethod(TestInvoker.java:673)
	at org.testng.internal.invokers.TestInvoker.retryFailed(TestInvoker.java:262)
	at org.testng.internal.invokers.MethodRunner.runInSequence(MethodRunner.java:62)
	at org.testng.internal.invokers.TestInvoker$MethodInvocationAgent.invoke(TestInvoker.java:945)
	at org.testng.internal.invokers.TestInvoker.invokeTestMethods(TestInvoker.java:193)
	at org.testng.internal.invokers.TestMethodWorker.invokeTestMethods(TestMethodWorker.java:146)
	at org.testng.internal.invokers.TestMethodWorker.run(TestMethodWorker.java:128)
	at java.base/java.util.ArrayList.forEach(ArrayList.java:1511)
	at org.testng.TestRunner.privateRun(TestRunner.java:808)
	at org.testng.TestRunner.run(TestRunner.java:603)
	at org.testng.SuiteRunner.runTest(SuiteRunner.java:429)
	at org.testng.SuiteRunner.runSequentially(SuiteRunner.java:423)
	at org.testng.SuiteRunner.privateRun(SuiteRunner.java:383)
	at org.testng.SuiteRunner.run(SuiteRunner.java:326)
	at org.testng.SuiteRunnerWorker.runSuite(SuiteRunnerWorker.java:52)
	at org.testng.SuiteRunnerWorker.run(SuiteRunnerWorker.java:95)
	at org.testng.TestNG.runSuitesSequentially(TestNG.java:1249)
	at org.testng.TestNG.runSuitesLocally(TestNG.java:1169)
	at org.testng.TestNG.runSuites(TestNG.java:1092)
	at org.testng.TestNG.run(TestNG.java:1060)
	at org.testng.remote.AbstractRemoteTestNG.run(AbstractRemoteTestNG.java:115)
	at org.testng.remote.RemoteTestNG.initAndRun(RemoteTestNG.java:293)
	at org.testng.remote.RemoteTestNG.main(RemoteTestNG.java:91)
</pre></div></td>
<td>1</td>
<td>com.naveenAutomationLabs.PageTests.LaptopsAndNotebooksPageTest@7f485fda</td></tr>
<tr>
<td title='com.naveenAutomationLabs.PageTests.RegisterAccountPageTest.createNewAccountWithSubscribingNewsletter()'><b>createNewAccountWithSubscribingNewsletter</b><br>Test class: com.naveenAutomationLabs.PageTests.RegisterAccountPageTest</td>
<td><div><pre>org.openqa.selenium.TimeoutException: Expected condition failed: waiting for element to be clickable: Decorated {[[ChromeDriver: chrome on windows (af72ae841e16f00feed0a8daed65b989)] -&gt; css selector: input[type=&apos;radio&apos;][value=&apos;1&apos;]]} (tried for 20 second(s) with 500 milliseconds interval)
Build info: version: &apos;4.21.0&apos;, revision: &apos;79ed462ef4&apos;
System info: os.name: &apos;Windows 11&apos;, os.arch: &apos;amd64&apos;, os.version: &apos;10.0&apos;, java.version: &apos;17.0.10&apos;
Driver info: net.bytebuddy.renamed.java.lang.Object$ByteBuddy$0kyQjLf5
Capabilities {acceptInsecureCerts: false, browserName: chrome, browserVersion: 126.0.6478.127, chrome: {chromedriverVersion: 126.0.6478.126 (d36ace6122e..., userDataDir: C:\Users\GURLEE~1\AppData\L...}, fedcm:accounts: true, goog:chromeOptions: {debuggerAddress: localhost:61796}, networkConnectionEnabled: false, pageLoadStrategy: normal, platformName: windows, proxy: Proxy(), se:cdp: ws://localhost:61796/devtoo..., se:cdpVersion: 126.0.6478.127, setWindowRect: true, strictFileInteractability: false, timeouts: {implicit: 0, pageLoad: 300000, script: 30000}, unhandledPromptBehavior: dismiss and notify, webauthn:extension:credBlob: true, webauthn:extension:largeBlob: true, webauthn:extension:minPinLength: true, webauthn:extension:prf: true, webauthn:virtualAuthenticators: true}
	at org.openqa.selenium.support.ui.WebDriverWait.timeoutException(WebDriverWait.java:84)
	at org.openqa.selenium.support.ui.FluentWait.until(FluentWait.java:228)
	at com.naveenAutomationLabs.Utils.ActionUtils.click(ActionUtils.java:40)
	at com.naveenAutomationLabs.Pages.RegisterAccountPage.clickYesSubscribeRadioBtn(RegisterAccountPage.java:79)
	at com.naveenAutomationLabs.PageTests.RegisterAccountPageTest.createNewAccountWithSubscribingNewsletter(RegisterAccountPageTest.java:29)
	at java.base/java.util.ArrayList.forEach(ArrayList.java:1511)
... Removed 27 stack frames</pre></div><a href='#' onClick='toggleBox("stack-trace308020179", this, "Click to show all stack frames", "Click to hide stack frames")'>Click to show all stack frames</a>
<div class='stack-trace' id='stack-trace308020179'><pre>org.openqa.selenium.TimeoutException: Expected condition failed: waiting for element to be clickable: Decorated {[[ChromeDriver: chrome on windows (af72ae841e16f00feed0a8daed65b989)] -&gt; css selector: input[type=&apos;radio&apos;][value=&apos;1&apos;]]} (tried for 20 second(s) with 500 milliseconds interval)
Build info: version: &apos;4.21.0&apos;, revision: &apos;79ed462ef4&apos;
System info: os.name: &apos;Windows 11&apos;, os.arch: &apos;amd64&apos;, os.version: &apos;10.0&apos;, java.version: &apos;17.0.10&apos;
Driver info: net.bytebuddy.renamed.java.lang.Object$ByteBuddy$0kyQjLf5
Capabilities {acceptInsecureCerts: false, browserName: chrome, browserVersion: 126.0.6478.127, chrome: {chromedriverVersion: 126.0.6478.126 (d36ace6122e..., userDataDir: C:\Users\GURLEE~1\AppData\L...}, fedcm:accounts: true, goog:chromeOptions: {debuggerAddress: localhost:61796}, networkConnectionEnabled: false, pageLoadStrategy: normal, platformName: windows, proxy: Proxy(), se:cdp: ws://localhost:61796/devtoo..., se:cdpVersion: 126.0.6478.127, setWindowRect: true, strictFileInteractability: false, timeouts: {implicit: 0, pageLoad: 300000, script: 30000}, unhandledPromptBehavior: dismiss and notify, webauthn:extension:credBlob: true, webauthn:extension:largeBlob: true, webauthn:extension:minPinLength: true, webauthn:extension:prf: true, webauthn:virtualAuthenticators: true}
	at org.openqa.selenium.support.ui.WebDriverWait.timeoutException(WebDriverWait.java:84)
	at org.openqa.selenium.support.ui.FluentWait.until(FluentWait.java:228)
	at com.naveenAutomationLabs.Utils.ActionUtils.click(ActionUtils.java:40)
	at com.naveenAutomationLabs.Pages.RegisterAccountPage.clickYesSubscribeRadioBtn(RegisterAccountPage.java:79)
	at com.naveenAutomationLabs.PageTests.RegisterAccountPageTest.createNewAccountWithSubscribingNewsletter(RegisterAccountPageTest.java:29)
	at java.base/jdk.internal.reflect.NativeMethodAccessorImpl.invoke0(Native Method)
	at java.base/jdk.internal.reflect.NativeMethodAccessorImpl.invoke(NativeMethodAccessorImpl.java:77)
	at java.base/jdk.internal.reflect.DelegatingMethodAccessorImpl.invoke(DelegatingMethodAccessorImpl.java:43)
	at java.base/java.lang.reflect.Method.invoke(Method.java:568)
	at org.testng.internal.invokers.MethodInvocationHelper.invokeMethod(MethodInvocationHelper.java:135)
	at org.testng.internal.invokers.TestInvoker.invokeMethod(TestInvoker.java:673)
	at org.testng.internal.invokers.TestInvoker.retryFailed(TestInvoker.java:262)
	at org.testng.internal.invokers.MethodRunner.runInSequence(MethodRunner.java:62)
	at org.testng.internal.invokers.TestInvoker$MethodInvocationAgent.invoke(TestInvoker.java:945)
	at org.testng.internal.invokers.TestInvoker.invokeTestMethods(TestInvoker.java:193)
	at org.testng.internal.invokers.TestMethodWorker.invokeTestMethods(TestMethodWorker.java:146)
	at org.testng.internal.invokers.TestMethodWorker.run(TestMethodWorker.java:128)
	at java.base/java.util.ArrayList.forEach(ArrayList.java:1511)
	at org.testng.TestRunner.privateRun(TestRunner.java:808)
	at org.testng.TestRunner.run(TestRunner.java:603)
	at org.testng.SuiteRunner.runTest(SuiteRunner.java:429)
	at org.testng.SuiteRunner.runSequentially(SuiteRunner.java:423)
	at org.testng.SuiteRunner.privateRun(SuiteRunner.java:383)
	at org.testng.SuiteRunner.run(SuiteRunner.java:326)
	at org.testng.SuiteRunnerWorker.runSuite(SuiteRunnerWorker.java:52)
	at org.testng.SuiteRunnerWorker.run(SuiteRunnerWorker.java:95)
	at org.testng.TestNG.runSuitesSequentially(TestNG.java:1249)
	at org.testng.TestNG.runSuitesLocally(TestNG.java:1169)
	at org.testng.TestNG.runSuites(TestNG.java:1092)
	at org.testng.TestNG.run(TestNG.java:1060)
	at org.testng.remote.AbstractRemoteTestNG.run(AbstractRemoteTestNG.java:115)
	at org.testng.remote.RemoteTestNG.initAndRun(RemoteTestNG.java:293)
	at org.testng.remote.RemoteTestNG.main(RemoteTestNG.java:91)
</pre></div></td>
<td>22</td>
<td>com.naveenAutomationLabs.PageTests.RegisterAccountPageTest@15043a2f</td></tr>
</table><p>
<table width='100%' border='1' class='invocation-passed'>
<tr><td colspan='4' align='center'><b>PASSED TESTS</b></td></tr>
<tr><td><b>Test method</b></td>
<td width="30%"><b>Exception</b></td>
<td width="10%"><b>Time (seconds)</b></td>
<td><b>Instance</b></td>
</tr>
<tr>
<td title='com.naveenAutomationLabs.PageTests.ContactUsPageTest.submitContactUsForm()'><b>submitContactUsForm</b><br>Test class: com.naveenAutomationLabs.PageTests.ContactUsPageTest</td>
<td></td>
<td>2</td>
<td>com.naveenAutomationLabs.PageTests.ContactUsPageTest@4b29d1d2</td></tr>
<tr>
<td title='com.naveenAutomationLabs.PageTests.AddressBookPageTest.deleteAddressFromAddressBookEntries()'><b>deleteAddressFromAddressBookEntries</b><br>Test class: com.naveenAutomationLabs.PageTests.AddressBookPageTest</td>
<td></td>
<td>1</td>
<td>com.naveenAutomationLabs.PageTests.AddressBookPageTest@cb0755b</td></tr>
<tr>
<td title='com.naveenAutomationLabs.PageTests.AffiliateInformationPageTest.modifyBankPaymentMethod()'><b>modifyBankPaymentMethod</b><br>Test class: com.naveenAutomationLabs.PageTests.AffiliateInformationPageTest</td>
<td></td>
<td>2</td>
<td>com.naveenAutomationLabs.PageTests.AffiliateInformationPageTest@4c60d6e9</td></tr>
<tr>
<td title='com.naveenAutomationLabs.PageTests.LaptopsAndNotebooksPageTest.addLaptopToTheWishList()'><b>addLaptopToTheWishList</b><br>Test class: com.naveenAutomationLabs.PageTests.LaptopsAndNotebooksPageTest</td>
<td></td>
<td>1</td>
<td>com.naveenAutomationLabs.PageTests.LaptopsAndNotebooksPageTest@7f485fda</td></tr>
<tr>
<td title='com.naveenAutomationLabs.PageTests.LaptopsAndNotebooksPageTest.removeLaptopFromTheWishList()'><b>removeLaptopFromTheWishList</b><br>Test class: com.naveenAutomationLabs.PageTests.LaptopsAndNotebooksPageTest</td>
<td></td>
<td>1</td>
<td>com.naveenAutomationLabs.PageTests.LaptopsAndNotebooksPageTest@7f485fda</td></tr>
<tr>
<td title='com.naveenAutomationLabs.PageTests.MyAccountInformationPageTest.editMyAccountInformation()'><b>editMyAccountInformation</b><br>Test class: com.naveenAutomationLabs.PageTests.MyAccountInformationPageTest</td>
<td></td>
<td>2</td>
<td>com.naveenAutomationLabs.PageTests.MyAccountInformationPageTest@28261e8e</td></tr>
<tr>
<td title='com.naveenAutomationLabs.PageTests.AddressBookPageTest.addNewAddressToAddressBookEntries()'><b>addNewAddressToAddressBookEntries</b><br>Test class: com.naveenAutomationLabs.PageTests.AddressBookPageTest</td>
<td></td>
<td>4</td>
<td>com.naveenAutomationLabs.PageTests.AddressBookPageTest@cb0755b</td></tr>
<tr>
<td title='com.naveenAutomationLabs.PageTests.AffiliateInformationPageTest.modifyChequePaymentMethod()'><b>modifyChequePaymentMethod</b><br>Test class: com.naveenAutomationLabs.PageTests.AffiliateInformationPageTest</td>
<td></td>
<td>2</td>
<td>com.naveenAutomationLabs.PageTests.AffiliateInformationPageTest@4c60d6e9</td></tr>
<tr>
<td title='com.naveenAutomationLabs.PageTests.AccountLoginPageTest.validateLoginWithValidCredentials()'><b>validateLoginWithValidCredentials</b><br>Test class: com.naveenAutomationLabs.PageTests.AccountLoginPageTest<br>Parameters: gurleen11296@gmail.com, Password123</td>
<td></td>
<td>1</td>
<td>com.naveenAutomationLabs.PageTests.AccountLoginPageTest@196a42c3</td></tr>
<tr>
<td title='com.naveenAutomationLabs.PageTests.AccountLoginPageTest.validateLoginWithInValidCredentials()'><b>validateLoginWithInValidCredentials</b><br>Test class: com.naveenAutomationLabs.PageTests.AccountLoginPageTest</td>
<td></td>
<td>0</td>
<td>com.naveenAutomationLabs.PageTests.AccountLoginPageTest@196a42c3</td></tr>
<tr>
<td title='com.naveenAutomationLabs.PageTests.RegisterAccountPageTest.createNewAccountWithNoSubscribingNewsletter()'><b>createNewAccountWithNoSubscribingNewsletter</b><br>Test class: com.naveenAutomationLabs.PageTests.RegisterAccountPageTest</td>
<td></td>
<td>2</td>
<td>com.naveenAutomationLabs.PageTests.RegisterAccountPageTest@15043a2f</td></tr>
<tr>
<td title='com.naveenAutomationLabs.PageTests.NewsletterSubscriptionPageTest.subscribeNewsLetter()'><b>subscribeNewsLetter</b><br>Test class: com.naveenAutomationLabs.PageTests.NewsletterSubscriptionPageTest</td>
<td></td>
<td>1</td>
<td>com.naveenAutomationLabs.PageTests.NewsletterSubscriptionPageTest@4a83a74a</td></tr>
<tr>
<td title='com.naveenAutomationLabs.PageTests.NewsletterSubscriptionPageTest.unSubscribeNewsLetter()'><b>unSubscribeNewsLetter</b><br>Test class: com.naveenAutomationLabs.PageTests.NewsletterSubscriptionPageTest</td>
<td></td>
<td>1</td>
<td>com.naveenAutomationLabs.PageTests.NewsletterSubscriptionPageTest@4a83a74a</td></tr>
<tr>
<td title='com.naveenAutomationLabs.PageTests.AccountLoginPageTest.validateForgetPwdFunctionality()'><b>validateForgetPwdFunctionality</b><br>Test class: com.naveenAutomationLabs.PageTests.AccountLoginPageTest</td>
<td></td>
<td>1</td>
<td>com.naveenAutomationLabs.PageTests.AccountLoginPageTest@196a42c3</td></tr>
<tr>
<td title='com.naveenAutomationLabs.PageTests.ChangePasswordPageTest.changeAccountPassword()'><b>changeAccountPassword</b><br>Test class: com.naveenAutomationLabs.PageTests.ChangePasswordPageTest</td>
<td></td>
<td>1</td>
<td>com.naveenAutomationLabs.PageTests.ChangePasswordPageTest@79e4c792</td></tr>
<tr>
<td title='com.naveenAutomationLabs.PageTests.AccountLogoutPageTest.logoutFromTheAccount()'><b>logoutFromTheAccount</b><br>Test class: com.naveenAutomationLabs.PageTests.AccountLogoutPageTest</td>
<td></td>
<td>0</td>
<td>com.naveenAutomationLabs.PageTests.AccountLogoutPageTest@1349883</td></tr>
<tr>
<td title='com.naveenAutomationLabs.PageTests.AffiliateInformationPageTest.modifyPayPalPaymentMethod()'><b>modifyPayPalPaymentMethod</b><br>Test class: com.naveenAutomationLabs.PageTests.AffiliateInformationPageTest</td>
<td></td>
<td>2</td>
<td>com.naveenAutomationLabs.PageTests.AffiliateInformationPageTest@4c60d6e9</td></tr>
<tr>
<td title='com.naveenAutomationLabs.PageTests.AccountLoginPageTest.validateLoginWithValidCredentials()'><b>validateLoginWithValidCredentials</b><br>Test class: com.naveenAutomationLabs.PageTests.AccountLoginPageTest<br>Parameters: gurleen12345@gmail.com, Password1234</td>
<td></td>
<td>1</td>
<td>com.naveenAutomationLabs.PageTests.AccountLoginPageTest@196a42c3</td></tr>
</table><p>
<table width='100%' border='1' class='invocation-skipped'>
<tr><td colspan='4' align='center'><b>SKIPPED TESTS</b></td></tr>
<tr><td><b>Test method</b></td>
<td width="30%"><b>Exception</b></td>
<td width="10%"><b>Time (seconds)</b></td>
<td><b>Instance</b></td>
</tr>
<tr>
<td title='com.naveenAutomationLabs.PageTests.RegisterAccountPageTest.createNewAccountWithSubscribingNewsletter()'><b>createNewAccountWithSubscribingNewsletter</b><br>Test class: com.naveenAutomationLabs.PageTests.RegisterAccountPageTest</td>
<td><div><pre>org.openqa.selenium.TimeoutException: Expected condition failed: waiting for element to be clickable: Decorated {[[ChromeDriver: chrome on windows (9ecca5c74ec2e69304ecf14431711873)] -&gt; css selector: input[type=&apos;radio&apos;][value=&apos;1&apos;]]} (tried for 20 second(s) with 500 milliseconds interval)
Build info: version: &apos;4.21.0&apos;, revision: &apos;79ed462ef4&apos;
System info: os.name: &apos;Windows 11&apos;, os.arch: &apos;amd64&apos;, os.version: &apos;10.0&apos;, java.version: &apos;17.0.10&apos;
Driver info: net.bytebuddy.renamed.java.lang.Object$ByteBuddy$0kyQjLf5
Capabilities {acceptInsecureCerts: false, browserName: chrome, browserVersion: 126.0.6478.127, chrome: {chromedriverVersion: 126.0.6478.126 (d36ace6122e..., userDataDir: C:\Users\GURLEE~1\AppData\L...}, fedcm:accounts: true, goog:chromeOptions: {debuggerAddress: localhost:61796}, networkConnectionEnabled: false, pageLoadStrategy: normal, platformName: windows, proxy: Proxy(), se:cdp: ws://localhost:61796/devtoo..., se:cdpVersion: 126.0.6478.127, setWindowRect: true, strictFileInteractability: false, timeouts: {implicit: 0, pageLoad: 300000, script: 30000}, unhandledPromptBehavior: dismiss and notify, webauthn:extension:credBlob: true, webauthn:extension:largeBlob: true, webauthn:extension:minPinLength: true, webauthn:extension:prf: true, webauthn:virtualAuthenticators: true}
	at org.openqa.selenium.support.ui.WebDriverWait.timeoutException(WebDriverWait.java:84)
	at org.openqa.selenium.support.ui.FluentWait.until(FluentWait.java:228)
	at com.naveenAutomationLabs.Utils.ActionUtils.click(ActionUtils.java:40)
	at com.naveenAutomationLabs.Pages.RegisterAccountPage.clickYesSubscribeRadioBtn(RegisterAccountPage.java:79)
	at com.naveenAutomationLabs.PageTests.RegisterAccountPageTest.createNewAccountWithSubscribingNewsletter(RegisterAccountPageTest.java:29)
	at java.base/java.util.ArrayList.forEach(ArrayList.java:1511)
... Removed 27 stack frames</pre></div><a href='#' onClick='toggleBox("stack-trace287735431", this, "Click to show all stack frames", "Click to hide stack frames")'>Click to show all stack frames</a>
<div class='stack-trace' id='stack-trace287735431'><pre>org.openqa.selenium.TimeoutException: Expected condition failed: waiting for element to be clickable: Decorated {[[ChromeDriver: chrome on windows (9ecca5c74ec2e69304ecf14431711873)] -&gt; css selector: input[type=&apos;radio&apos;][value=&apos;1&apos;]]} (tried for 20 second(s) with 500 milliseconds interval)
Build info: version: &apos;4.21.0&apos;, revision: &apos;79ed462ef4&apos;
System info: os.name: &apos;Windows 11&apos;, os.arch: &apos;amd64&apos;, os.version: &apos;10.0&apos;, java.version: &apos;17.0.10&apos;
Driver info: net.bytebuddy.renamed.java.lang.Object$ByteBuddy$0kyQjLf5
Capabilities {acceptInsecureCerts: false, browserName: chrome, browserVersion: 126.0.6478.127, chrome: {chromedriverVersion: 126.0.6478.126 (d36ace6122e..., userDataDir: C:\Users\GURLEE~1\AppData\L...}, fedcm:accounts: true, goog:chromeOptions: {debuggerAddress: localhost:61796}, networkConnectionEnabled: false, pageLoadStrategy: normal, platformName: windows, proxy: Proxy(), se:cdp: ws://localhost:61796/devtoo..., se:cdpVersion: 126.0.6478.127, setWindowRect: true, strictFileInteractability: false, timeouts: {implicit: 0, pageLoad: 300000, script: 30000}, unhandledPromptBehavior: dismiss and notify, webauthn:extension:credBlob: true, webauthn:extension:largeBlob: true, webauthn:extension:minPinLength: true, webauthn:extension:prf: true, webauthn:virtualAuthenticators: true}
	at org.openqa.selenium.support.ui.WebDriverWait.timeoutException(WebDriverWait.java:84)
	at org.openqa.selenium.support.ui.FluentWait.until(FluentWait.java:228)
	at com.naveenAutomationLabs.Utils.ActionUtils.click(ActionUtils.java:40)
	at com.naveenAutomationLabs.Pages.RegisterAccountPage.clickYesSubscribeRadioBtn(RegisterAccountPage.java:79)
	at com.naveenAutomationLabs.PageTests.RegisterAccountPageTest.createNewAccountWithSubscribingNewsletter(RegisterAccountPageTest.java:29)
	at java.base/jdk.internal.reflect.NativeMethodAccessorImpl.invoke0(Native Method)
	at java.base/jdk.internal.reflect.NativeMethodAccessorImpl.invoke(NativeMethodAccessorImpl.java:77)
	at java.base/jdk.internal.reflect.DelegatingMethodAccessorImpl.invoke(DelegatingMethodAccessorImpl.java:43)
	at java.base/java.lang.reflect.Method.invoke(Method.java:568)
	at org.testng.internal.invokers.MethodInvocationHelper.invokeMethod(MethodInvocationHelper.java:135)
	at org.testng.internal.invokers.TestInvoker.invokeMethod(TestInvoker.java:673)
	at org.testng.internal.invokers.TestInvoker.invokeTestMethod(TestInvoker.java:220)
	at org.testng.internal.invokers.MethodRunner.runInSequence(MethodRunner.java:50)
	at org.testng.internal.invokers.TestInvoker$MethodInvocationAgent.invoke(TestInvoker.java:945)
	at org.testng.internal.invokers.TestInvoker.invokeTestMethods(TestInvoker.java:193)
	at org.testng.internal.invokers.TestMethodWorker.invokeTestMethods(TestMethodWorker.java:146)
	at org.testng.internal.invokers.TestMethodWorker.run(TestMethodWorker.java:128)
	at java.base/java.util.ArrayList.forEach(ArrayList.java:1511)
	at org.testng.TestRunner.privateRun(TestRunner.java:808)
	at org.testng.TestRunner.run(TestRunner.java:603)
	at org.testng.SuiteRunner.runTest(SuiteRunner.java:429)
	at org.testng.SuiteRunner.runSequentially(SuiteRunner.java:423)
	at org.testng.SuiteRunner.privateRun(SuiteRunner.java:383)
	at org.testng.SuiteRunner.run(SuiteRunner.java:326)
	at org.testng.SuiteRunnerWorker.runSuite(SuiteRunnerWorker.java:52)
	at org.testng.SuiteRunnerWorker.run(SuiteRunnerWorker.java:95)
	at org.testng.TestNG.runSuitesSequentially(TestNG.java:1249)
	at org.testng.TestNG.runSuitesLocally(TestNG.java:1169)
	at org.testng.TestNG.runSuites(TestNG.java:1092)
	at org.testng.TestNG.run(TestNG.java:1060)
	at org.testng.remote.AbstractRemoteTestNG.run(AbstractRemoteTestNG.java:115)
	at org.testng.remote.RemoteTestNG.initAndRun(RemoteTestNG.java:293)
	at org.testng.remote.RemoteTestNG.main(RemoteTestNG.java:91)
</pre></div></td>
<td>22</td>
<td>com.naveenAutomationLabs.PageTests.RegisterAccountPageTest@15043a2f</td></tr>
<tr>
<td title='com.naveenAutomationLabs.PageTests.LaptopsAndNotebooksPageTest.addMacBookToTheWishList()'><b>addMacBookToTheWishList</b><br>Test class: com.naveenAutomationLabs.PageTests.LaptopsAndNotebooksPageTest</td>
<td><div><pre>java.lang.AssertionError: expected [Success: You have added MacBook to your wish list!] but found [Success: You have added HP LP3065 to your wish list!]
	at com.naveenAutomationLabs.PageTests.LaptopsAndNotebooksPageTest.addMacBookToTheWishList(LaptopsAndNotebooksPageTest.java:43)
	at java.base/java.util.ArrayList.forEach(ArrayList.java:1511)
... Removed 33 stack frames</pre></div><a href='#' onClick='toggleBox("stack-trace1585095294", this, "Click to show all stack frames", "Click to hide stack frames")'>Click to show all stack frames</a>
<div class='stack-trace' id='stack-trace1585095294'><pre>java.lang.AssertionError: expected [Success: You have added MacBook to your wish list!] but found [Success: You have added HP LP3065 to your wish list!]
	at org.testng.Assert.fail(Assert.java:110)
	at org.testng.Assert.failNotEquals(Assert.java:1413)
	at org.testng.Assert.assertEqualsImpl(Assert.java:149)
	at org.testng.Assert.assertEquals(Assert.java:131)
	at org.testng.Assert.assertEquals(Assert.java:655)
	at org.testng.Assert.assertEquals(Assert.java:665)
	at com.naveenAutomationLabs.PageTests.LaptopsAndNotebooksPageTest.addMacBookToTheWishList(LaptopsAndNotebooksPageTest.java:43)
	at java.base/jdk.internal.reflect.NativeMethodAccessorImpl.invoke0(Native Method)
	at java.base/jdk.internal.reflect.NativeMethodAccessorImpl.invoke(NativeMethodAccessorImpl.java:77)
	at java.base/jdk.internal.reflect.DelegatingMethodAccessorImpl.invoke(DelegatingMethodAccessorImpl.java:43)
	at java.base/java.lang.reflect.Method.invoke(Method.java:568)
	at org.testng.internal.invokers.MethodInvocationHelper.invokeMethod(MethodInvocationHelper.java:135)
	at org.testng.internal.invokers.TestInvoker.invokeMethod(TestInvoker.java:673)
	at org.testng.internal.invokers.TestInvoker.invokeTestMethod(TestInvoker.java:220)
	at org.testng.internal.invokers.MethodRunner.runInSequence(MethodRunner.java:50)
	at org.testng.internal.invokers.TestInvoker$MethodInvocationAgent.invoke(TestInvoker.java:945)
	at org.testng.internal.invokers.TestInvoker.invokeTestMethods(TestInvoker.java:193)
	at org.testng.internal.invokers.TestMethodWorker.invokeTestMethods(TestMethodWorker.java:146)
	at org.testng.internal.invokers.TestMethodWorker.run(TestMethodWorker.java:128)
	at java.base/java.util.ArrayList.forEach(ArrayList.java:1511)
	at org.testng.TestRunner.privateRun(TestRunner.java:808)
	at org.testng.TestRunner.run(TestRunner.java:603)
	at org.testng.SuiteRunner.runTest(SuiteRunner.java:429)
	at org.testng.SuiteRunner.runSequentially(SuiteRunner.java:423)
	at org.testng.SuiteRunner.privateRun(SuiteRunner.java:383)
	at org.testng.SuiteRunner.run(SuiteRunner.java:326)
	at org.testng.SuiteRunnerWorker.runSuite(SuiteRunnerWorker.java:52)
	at org.testng.SuiteRunnerWorker.run(SuiteRunnerWorker.java:95)
	at org.testng.TestNG.runSuitesSequentially(TestNG.java:1249)
	at org.testng.TestNG.runSuitesLocally(TestNG.java:1169)
	at org.testng.TestNG.runSuites(TestNG.java:1092)
	at org.testng.TestNG.run(TestNG.java:1060)
	at org.testng.remote.AbstractRemoteTestNG.run(AbstractRemoteTestNG.java:115)
	at org.testng.remote.RemoteTestNG.initAndRun(RemoteTestNG.java:293)
	at org.testng.remote.RemoteTestNG.main(RemoteTestNG.java:91)
</pre></div></td>
<td>1</td>
<td>com.naveenAutomationLabs.PageTests.LaptopsAndNotebooksPageTest@7f485fda</td></tr>
<tr>
<td title='com.naveenAutomationLabs.PageTests.LaptopsAndNotebooksPageTest.removeMacBookFromTheWishList()'><b>removeMacBookFromTheWishList</b><br>Test class: com.naveenAutomationLabs.PageTests.LaptopsAndNotebooksPageTest</td>
<td><div><pre>java.lang.Throwable: Method com.naveenAutomationLabs.PageTests.LaptopsAndNotebooksPageTest.removeMacBookFromTheWishList() on instance com.naveenAutomationLabs.PageTests.LaptopsAndNotebooksPageTest@7f485fda depends on not successfully finished methods 
[com.naveenAutomationLabs.PageTests.LaptopsAndNotebooksPageTest.addMacBookToTheWishList() on instance com.naveenAutomationLabs.PageTests.LaptopsAndNotebooksPageTest@7f485fda]
	at java.base/java.util.ArrayList.forEach(ArrayList.java:1511)
... Removed 18 stack frames</pre></div><a href='#' onClick='toggleBox("stack-trace1301473754", this, "Click to show all stack frames", "Click to hide stack frames")'>Click to show all stack frames</a>
<div class='stack-trace' id='stack-trace1301473754'><pre>java.lang.Throwable: Method com.naveenAutomationLabs.PageTests.LaptopsAndNotebooksPageTest.removeMacBookFromTheWishList() on instance com.naveenAutomationLabs.PageTests.LaptopsAndNotebooksPageTest@7f485fda depends on not successfully finished methods 
[com.naveenAutomationLabs.PageTests.LaptopsAndNotebooksPageTest.addMacBookToTheWishList() on instance com.naveenAutomationLabs.PageTests.LaptopsAndNotebooksPageTest@7f485fda]
	at org.testng.internal.invokers.TestInvoker.invokeTestMethods(TestInvoker.java:149)
	at org.testng.internal.invokers.TestMethodWorker.invokeTestMethods(TestMethodWorker.java:146)
	at org.testng.internal.invokers.TestMethodWorker.run(TestMethodWorker.java:128)
	at java.base/java.util.ArrayList.forEach(ArrayList.java:1511)
	at org.testng.TestRunner.privateRun(TestRunner.java:808)
	at org.testng.TestRunner.run(TestRunner.java:603)
	at org.testng.SuiteRunner.runTest(SuiteRunner.java:429)
	at org.testng.SuiteRunner.runSequentially(SuiteRunner.java:423)
	at org.testng.SuiteRunner.privateRun(SuiteRunner.java:383)
	at org.testng.SuiteRunner.run(SuiteRunner.java:326)
	at org.testng.SuiteRunnerWorker.runSuite(SuiteRunnerWorker.java:52)
	at org.testng.SuiteRunnerWorker.run(SuiteRunnerWorker.java:95)
	at org.testng.TestNG.runSuitesSequentially(TestNG.java:1249)
	at org.testng.TestNG.runSuitesLocally(TestNG.java:1169)
	at org.testng.TestNG.runSuites(TestNG.java:1092)
	at org.testng.TestNG.run(TestNG.java:1060)
	at org.testng.remote.AbstractRemoteTestNG.run(AbstractRemoteTestNG.java:115)
	at org.testng.remote.RemoteTestNG.initAndRun(RemoteTestNG.java:293)
	at org.testng.remote.RemoteTestNG.main(RemoteTestNG.java:91)
</pre></div></td>
<td>0</td>
<td>com.naveenAutomationLabs.PageTests.LaptopsAndNotebooksPageTest@7f485fda</td></tr>
</table><p>
</body>
</html>