<?xml version="1.0" encoding="UTF-8"?>
<testng-results retried="2" ignored="0" total="23" passed="18" failed="2" skipped="1">
  <reporter-output>
  </reporter-output>
  <suite started-at="2024-07-08T16:12:21 EDT" name="Suite" finished-at="2024-07-08T16:15:27 EDT" duration-ms="186574">
    <groups>
    </groups>
    <test started-at="2024-07-08T16:12:21 EDT" name="Test" finished-at="2024-07-08T16:15:27 EDT" duration-ms="186574">
      <class name="com.naveenAutomationLabs.PageTests.AddressBookPageTest">
        <test-method is-config="true" signature="setUpLogger()[pri:0, instance:com.naveenAutomationLabs.PageTests.AddressBookPageTest@cb0755b]" started-at="2024-07-08T16:12:21 EDT" name="setUpLogger" finished-at="2024-07-08T16:12:21 EDT" duration-ms="26" status="PASS">
          <reporter-output>
          </reporter-output>
        </test-method> <!-- setUpLogger -->
        <test-method is-config="true" signature="setup()[pri:0, instance:com.naveenAutomationLabs.PageTests.AddressBookPageTest@cb0755b]" started-at="2024-07-08T16:12:21 EDT" name="setup" finished-at="2024-07-08T16:12:28 EDT" duration-ms="7421" status="PASS">
          <reporter-output>
          </reporter-output>
        </test-method> <!-- setup -->
        <test-method signature="addNewAddressToAddressBookEntries()[pri:0, instance:com.naveenAutomationLabs.PageTests.AddressBookPageTest@cb0755b]" started-at="2024-07-08T16:12:28 EDT" name="addNewAddressToAddressBookEntries" finished-at="2024-07-08T16:12:33 EDT" duration-ms="4299" status="PASS">
          <reporter-output>
          </reporter-output>
        </test-method> <!-- addNewAddressToAddressBookEntries -->
        <test-method is-config="true" signature="closeBrowser()[pri:0, instance:com.naveenAutomationLabs.PageTests.AddressBookPageTest@cb0755b]" started-at="2024-07-08T16:12:33 EDT" name="closeBrowser" finished-at="2024-07-08T16:12:33 EDT" duration-ms="308" status="PASS">
          <reporter-output>
          </reporter-output>
        </test-method> <!-- closeBrowser -->
        <test-method is-config="true" signature="setup()[pri:0, instance:com.naveenAutomationLabs.PageTests.AddressBookPageTest@cb0755b]" started-at="2024-07-08T16:12:33 EDT" name="setup" finished-at="2024-07-08T16:12:38 EDT" duration-ms="4784" status="PASS">
          <reporter-output>
          </reporter-output>
        </test-method> <!-- setup -->
        <test-method signature="deleteAddressFromAddressBookEntries()[pri:0, instance:com.naveenAutomationLabs.PageTests.AddressBookPageTest@cb0755b]" started-at="2024-07-08T16:12:38 EDT" name="deleteAddressFromAddressBookEntries" finished-at="2024-07-08T16:12:39 EDT" depends-on-methods="com.naveenAutomationLabs.PageTests.AddressBookPageTest.addNewAddressToAddressBookEntries" duration-ms="1396" status="PASS">
          <reporter-output>
          </reporter-output>
        </test-method> <!-- deleteAddressFromAddressBookEntries -->
        <test-method is-config="true" signature="closeBrowser()[pri:0, instance:com.naveenAutomationLabs.PageTests.AddressBookPageTest@cb0755b]" started-at="2024-07-08T16:12:39 EDT" name="closeBrowser" finished-at="2024-07-08T16:12:39 EDT" duration-ms="223" status="PASS">
          <reporter-output>
          </reporter-output>
        </test-method> <!-- closeBrowser -->
      </class> <!-- com.naveenAutomationLabs.PageTests.AddressBookPageTest -->
      <class name="com.naveenAutomationLabs.PageTests.MyAccountInformationPageTest">
        <test-method is-config="true" signature="setUpLogger()[pri:0, instance:com.naveenAutomationLabs.PageTests.MyAccountInformationPageTest@28261e8e]" started-at="2024-07-08T16:15:20 EDT" name="setUpLogger" finished-at="2024-07-08T16:15:20 EDT" duration-ms="7" status="PASS">
          <reporter-output>
          </reporter-output>
        </test-method> <!-- setUpLogger -->
        <test-method is-config="true" signature="setup()[pri:0, instance:com.naveenAutomationLabs.PageTests.MyAccountInformationPageTest@28261e8e]" started-at="2024-07-08T16:15:20 EDT" name="setup" finished-at="2024-07-08T16:15:24 EDT" duration-ms="4448" status="PASS">
          <reporter-output>
          </reporter-output>
        </test-method> <!-- setup -->
        <test-method signature="editMyAccountInformation()[pri:0, instance:com.naveenAutomationLabs.PageTests.MyAccountInformationPageTest@28261e8e]" started-at="2024-07-08T16:15:24 EDT" name="editMyAccountInformation" finished-at="2024-07-08T16:15:27 EDT" duration-ms="2656" status="PASS">
          <reporter-output>
          </reporter-output>
        </test-method> <!-- editMyAccountInformation -->
        <test-method is-config="true" signature="closeBrowser()[pri:0, instance:com.naveenAutomationLabs.PageTests.MyAccountInformationPageTest@28261e8e]" started-at="2024-07-08T16:15:27 EDT" name="closeBrowser" finished-at="2024-07-08T16:15:27 EDT" duration-ms="223" status="PASS">
          <reporter-output>
          </reporter-output>
        </test-method> <!-- closeBrowser -->
      </class> <!-- com.naveenAutomationLabs.PageTests.MyAccountInformationPageTest -->
      <class name="com.naveenAutomationLabs.PageTests.ChangePasswordPageTest">
        <test-method is-config="true" signature="setUpLogger()[pri:0, instance:com.naveenAutomationLabs.PageTests.ChangePasswordPageTest@79e4c792]" started-at="2024-07-08T16:12:39 EDT" name="setUpLogger" finished-at="2024-07-08T16:12:39 EDT" duration-ms="3" status="PASS">
          <reporter-output>
          </reporter-output>
        </test-method> <!-- setUpLogger -->
        <test-method is-config="true" signature="setup()[pri:0, instance:com.naveenAutomationLabs.PageTests.ChangePasswordPageTest@79e4c792]" started-at="2024-07-08T16:12:39 EDT" name="setup" finished-at="2024-07-08T16:12:44 EDT" duration-ms="4488" status="PASS">
          <reporter-output>
          </reporter-output>
        </test-method> <!-- setup -->
        <test-method signature="changeAccountPassword()[pri:0, instance:com.naveenAutomationLabs.PageTests.ChangePasswordPageTest@79e4c792]" started-at="2024-07-08T16:12:44 EDT" name="changeAccountPassword" finished-at="2024-07-08T16:12:46 EDT" duration-ms="1783" status="PASS">
          <reporter-output>
          </reporter-output>
        </test-method> <!-- changeAccountPassword -->
        <test-method is-config="true" signature="closeBrowser()[pri:0, instance:com.naveenAutomationLabs.PageTests.ChangePasswordPageTest@79e4c792]" started-at="2024-07-08T16:12:46 EDT" name="closeBrowser" finished-at="2024-07-08T16:12:46 EDT" duration-ms="192" status="PASS">
          <reporter-output>
          </reporter-output>
        </test-method> <!-- closeBrowser -->
      </class> <!-- com.naveenAutomationLabs.PageTests.ChangePasswordPageTest -->
      <class name="com.naveenAutomationLabs.PageTests.AccountLogoutPageTest">
        <test-method is-config="true" signature="setup()[pri:0, instance:com.naveenAutomationLabs.PageTests.AccountLogoutPageTest@1349883]" started-at="2024-07-08T16:14:39 EDT" name="setup" finished-at="2024-07-08T16:14:44 EDT" duration-ms="4373" status="PASS">
          <reporter-output>
          </reporter-output>
        </test-method> <!-- setup -->
        <test-method is-config="true" signature="setUpLogger()[pri:0, instance:com.naveenAutomationLabs.PageTests.AccountLogoutPageTest@1349883]" started-at="2024-07-08T16:14:39 EDT" name="setUpLogger" finished-at="2024-07-08T16:14:39 EDT" duration-ms="0" status="PASS">
          <reporter-output>
          </reporter-output>
        </test-method> <!-- setUpLogger -->
        <test-method signature="logoutFromTheAccount()[pri:0, instance:com.naveenAutomationLabs.PageTests.AccountLogoutPageTest@1349883]" started-at="2024-07-08T16:14:44 EDT" name="logoutFromTheAccount" finished-at="2024-07-08T16:14:45 EDT" duration-ms="815" status="PASS">
          <reporter-output>
          </reporter-output>
        </test-method> <!-- logoutFromTheAccount -->
        <test-method is-config="true" signature="closeBrowser()[pri:0, instance:com.naveenAutomationLabs.PageTests.AccountLogoutPageTest@1349883]" started-at="2024-07-08T16:14:45 EDT" name="closeBrowser" finished-at="2024-07-08T16:14:45 EDT" duration-ms="209" status="PASS">
          <reporter-output>
          </reporter-output>
        </test-method> <!-- closeBrowser -->
      </class> <!-- com.naveenAutomationLabs.PageTests.AccountLogoutPageTest -->
      <class name="com.naveenAutomationLabs.PageTests.RegisterAccountPageTest">
        <test-method is-config="true" signature="setUpLogger()[pri:0, instance:com.naveenAutomationLabs.PageTests.RegisterAccountPageTest@15043a2f]" started-at="2024-07-08T16:13:29 EDT" name="setUpLogger" finished-at="2024-07-08T16:13:29 EDT" duration-ms="4" status="PASS">
          <reporter-output>
          </reporter-output>
        </test-method> <!-- setUpLogger -->
        <test-method is-config="true" signature="setup()[pri:0, instance:com.naveenAutomationLabs.PageTests.RegisterAccountPageTest@15043a2f]" started-at="2024-07-08T16:13:29 EDT" name="setup" finished-at="2024-07-08T16:13:32 EDT" duration-ms="3311" status="PASS">
          <reporter-output>
          </reporter-output>
        </test-method> <!-- setup -->
        <test-method signature="createNewAccountWithNoSubscribingNewsletter()[pri:0, instance:com.naveenAutomationLabs.PageTests.RegisterAccountPageTest@15043a2f]" started-at="2024-07-08T16:13:32 EDT" name="createNewAccountWithNoSubscribingNewsletter" finished-at="2024-07-08T16:13:35 EDT" duration-ms="2949" status="PASS">
          <reporter-output>
          </reporter-output>
        </test-method> <!-- createNewAccountWithNoSubscribingNewsletter -->
        <test-method is-config="true" signature="closeBrowser()[pri:0, instance:com.naveenAutomationLabs.PageTests.RegisterAccountPageTest@15043a2f]" started-at="2024-07-08T16:13:35 EDT" name="closeBrowser" finished-at="2024-07-08T16:13:35 EDT" duration-ms="210" status="PASS">
          <reporter-output>
          </reporter-output>
        </test-method> <!-- closeBrowser -->
        <test-method is-config="true" signature="setup()[pri:0, instance:com.naveenAutomationLabs.PageTests.RegisterAccountPageTest@15043a2f]" started-at="2024-07-08T16:13:35 EDT" name="setup" finished-at="2024-07-08T16:13:39 EDT" duration-ms="3344" status="PASS">
          <reporter-output>
          </reporter-output>
        </test-method> <!-- setup -->
        <test-method retried="true" signature="createNewAccountWithSubscribingNewsletter()[pri:0, instance:com.naveenAutomationLabs.PageTests.RegisterAccountPageTest@15043a2f]" started-at="2024-07-08T16:13:39 EDT" name="createNewAccountWithSubscribingNewsletter" finished-at="2024-07-08T16:14:01 EDT" duration-ms="22102" status="SKIP">
          <exception class="org.openqa.selenium.TimeoutException">
            <message>
              <![CDATA[Expected condition failed: waiting for element to be clickable: Decorated {[[ChromeDriver: chrome on windows (9ecca5c74ec2e69304ecf14431711873)] -> css selector: input[type='radio'][value='1']]} (tried for 20 second(s) with 500 milliseconds interval)
Build info: version: '4.21.0', revision: '79ed462ef4'
System info: os.name: 'Windows 11', os.arch: 'amd64', os.version: '10.0', java.version: '17.0.10'
Driver info: net.bytebuddy.renamed.java.lang.Object$ByteBuddy$0kyQjLf5
Capabilities {acceptInsecureCerts: false, browserName: chrome, browserVersion: 126.0.6478.127, chrome: {chromedriverVersion: 126.0.6478.126 (d36ace6122e..., userDataDir: C:\Users\GURLEE~1\AppData\L...}, fedcm:accounts: true, goog:chromeOptions: {debuggerAddress: localhost:61796}, networkConnectionEnabled: false, pageLoadStrategy: normal, platformName: windows, proxy: Proxy(), se:cdp: ws://localhost:61796/devtoo..., se:cdpVersion: 126.0.6478.127, setWindowRect: true, strictFileInteractability: false, timeouts: {implicit: 0, pageLoad: 300000, script: 30000}, unhandledPromptBehavior: dismiss and notify, webauthn:extension:credBlob: true, webauthn:extension:largeBlob: true, webauthn:extension:minPinLength: true, webauthn:extension:prf: true, webauthn:virtualAuthenticators: true}]]>
            </message>
            <full-stacktrace>
              <![CDATA[org.openqa.selenium.TimeoutException: Expected condition failed: waiting for element to be clickable: Decorated {[[ChromeDriver: chrome on windows (9ecca5c74ec2e69304ecf14431711873)] -> css selector: input[type='radio'][value='1']]} (tried for 20 second(s) with 500 milliseconds interval)
Build info: version: '4.21.0', revision: '79ed462ef4'
System info: os.name: 'Windows 11', os.arch: 'amd64', os.version: '10.0', java.version: '17.0.10'
Driver info: net.bytebuddy.renamed.java.lang.Object$ByteBuddy$0kyQjLf5
Capabilities {acceptInsecureCerts: false, browserName: chrome, browserVersion: 126.0.6478.127, chrome: {chromedriverVersion: 126.0.6478.126 (d36ace6122e..., userDataDir: C:\Users\GURLEE~1\AppData\L...}, fedcm:accounts: true, goog:chromeOptions: {debuggerAddress: localhost:61796}, networkConnectionEnabled: false, pageLoadStrategy: normal, platformName: windows, proxy: Proxy(), se:cdp: ws://localhost:61796/devtoo..., se:cdpVersion: 126.0.6478.127, setWindowRect: true, strictFileInteractability: false, timeouts: {implicit: 0, pageLoad: 300000, script: 30000}, unhandledPromptBehavior: dismiss and notify, webauthn:extension:credBlob: true, webauthn:extension:largeBlob: true, webauthn:extension:minPinLength: true, webauthn:extension:prf: true, webauthn:virtualAuthenticators: true}
at org.openqa.selenium.support.ui.WebDriverWait.timeoutException(WebDriverWait.java:84)
at org.openqa.selenium.support.ui.FluentWait.until(FluentWait.java:228)
at com.naveenAutomationLabs.Utils.ActionUtils.click(ActionUtils.java:40)
at com.naveenAutomationLabs.Pages.RegisterAccountPage.clickYesSubscribeRadioBtn(RegisterAccountPage.java:79)
at com.naveenAutomationLabs.PageTests.RegisterAccountPageTest.createNewAccountWithSubscribingNewsletter(RegisterAccountPageTest.java:29)
at java.base/jdk.internal.reflect.NativeMethodAccessorImpl.invoke0(Native Method)
at java.base/jdk.internal.reflect.NativeMethodAccessorImpl.invoke(NativeMethodAccessorImpl.java:77)
at java.base/jdk.internal.reflect.DelegatingMethodAccessorImpl.invoke(DelegatingMethodAccessorImpl.java:43)
at java.base/java.lang.reflect.Method.invoke(Method.java:568)
at org.testng.internal.invokers.MethodInvocationHelper.invokeMethod(MethodInvocationHelper.java:135)
at org.testng.internal.invokers.TestInvoker.invokeMethod(TestInvoker.java:673)
at org.testng.internal.invokers.TestInvoker.invokeTestMethod(TestInvoker.java:220)
at org.testng.internal.invokers.MethodRunner.runInSequence(MethodRunner.java:50)
at org.testng.internal.invokers.TestInvoker$MethodInvocationAgent.invoke(TestInvoker.java:945)
at org.testng.internal.invokers.TestInvoker.invokeTestMethods(TestInvoker.java:193)
at org.testng.internal.invokers.TestMethodWorker.invokeTestMethods(TestMethodWorker.java:146)
at org.testng.internal.invokers.TestMethodWorker.run(TestMethodWorker.java:128)
at java.base/java.util.ArrayList.forEach(ArrayList.java:1511)
at org.testng.TestRunner.privateRun(TestRunner.java:808)
at org.testng.TestRunner.run(TestRunner.java:603)
at org.testng.SuiteRunner.runTest(SuiteRunner.java:429)
at org.testng.SuiteRunner.runSequentially(SuiteRunner.java:423)
at org.testng.SuiteRunner.privateRun(SuiteRunner.java:383)
at org.testng.SuiteRunner.run(SuiteRunner.java:326)
at org.testng.SuiteRunnerWorker.runSuite(SuiteRunnerWorker.java:52)
at org.testng.SuiteRunnerWorker.run(SuiteRunnerWorker.java:95)
at org.testng.TestNG.runSuitesSequentially(TestNG.java:1249)
at org.testng.TestNG.runSuitesLocally(TestNG.java:1169)
at org.testng.TestNG.runSuites(TestNG.java:1092)
at org.testng.TestNG.run(TestNG.java:1060)
at org.testng.remote.AbstractRemoteTestNG.run(AbstractRemoteTestNG.java:115)
at org.testng.remote.RemoteTestNG.initAndRun(RemoteTestNG.java:293)
at org.testng.remote.RemoteTestNG.main(RemoteTestNG.java:91)
]]>
            </full-stacktrace>
          </exception> <!-- org.openqa.selenium.TimeoutException -->
          <reporter-output>
          </reporter-output>
        </test-method> <!-- createNewAccountWithSubscribingNewsletter -->
        <test-method is-config="true" signature="closeBrowser()[pri:0, instance:com.naveenAutomationLabs.PageTests.RegisterAccountPageTest@15043a2f]" started-at="2024-07-08T16:14:01 EDT" name="closeBrowser" finished-at="2024-07-08T16:14:01 EDT" duration-ms="281" status="PASS">
          <reporter-output>
          </reporter-output>
        </test-method> <!-- closeBrowser -->
        <test-method is-config="true" signature="setup()[pri:0, instance:com.naveenAutomationLabs.PageTests.RegisterAccountPageTest@15043a2f]" started-at="2024-07-08T16:14:01 EDT" name="setup" finished-at="2024-07-08T16:14:04 EDT" duration-ms="3353" status="PASS">
          <reporter-output>
          </reporter-output>
        </test-method> <!-- setup -->
        <test-method signature="createNewAccountWithSubscribingNewsletter()[pri:0, instance:com.naveenAutomationLabs.PageTests.RegisterAccountPageTest@15043a2f]" started-at="2024-07-08T16:14:04 EDT" name="createNewAccountWithSubscribingNewsletter" finished-at="2024-07-08T16:14:27 EDT" duration-ms="22372" status="FAIL">
          <exception class="org.openqa.selenium.TimeoutException">
            <message>
              <![CDATA[Expected condition failed: waiting for element to be clickable: Decorated {[[ChromeDriver: chrome on windows (af72ae841e16f00feed0a8daed65b989)] -> css selector: input[type='radio'][value='1']]} (tried for 20 second(s) with 500 milliseconds interval)
Build info: version: '4.21.0', revision: '79ed462ef4'
System info: os.name: 'Windows 11', os.arch: 'amd64', os.version: '10.0', java.version: '17.0.10'
Driver info: net.bytebuddy.renamed.java.lang.Object$ByteBuddy$0kyQjLf5
Capabilities {acceptInsecureCerts: false, browserName: chrome, browserVersion: 126.0.6478.127, chrome: {chromedriverVersion: 126.0.6478.126 (d36ace6122e..., userDataDir: C:\Users\GURLEE~1\AppData\L...}, fedcm:accounts: true, goog:chromeOptions: {debuggerAddress: localhost:61796}, networkConnectionEnabled: false, pageLoadStrategy: normal, platformName: windows, proxy: Proxy(), se:cdp: ws://localhost:61796/devtoo..., se:cdpVersion: 126.0.6478.127, setWindowRect: true, strictFileInteractability: false, timeouts: {implicit: 0, pageLoad: 300000, script: 30000}, unhandledPromptBehavior: dismiss and notify, webauthn:extension:credBlob: true, webauthn:extension:largeBlob: true, webauthn:extension:minPinLength: true, webauthn:extension:prf: true, webauthn:virtualAuthenticators: true}]]>
            </message>
            <full-stacktrace>
              <![CDATA[org.openqa.selenium.TimeoutException: Expected condition failed: waiting for element to be clickable: Decorated {[[ChromeDriver: chrome on windows (af72ae841e16f00feed0a8daed65b989)] -> css selector: input[type='radio'][value='1']]} (tried for 20 second(s) with 500 milliseconds interval)
Build info: version: '4.21.0', revision: '79ed462ef4'
System info: os.name: 'Windows 11', os.arch: 'amd64', os.version: '10.0', java.version: '17.0.10'
Driver info: net.bytebuddy.renamed.java.lang.Object$ByteBuddy$0kyQjLf5
Capabilities {acceptInsecureCerts: false, browserName: chrome, browserVersion: 126.0.6478.127, chrome: {chromedriverVersion: 126.0.6478.126 (d36ace6122e..., userDataDir: C:\Users\GURLEE~1\AppData\L...}, fedcm:accounts: true, goog:chromeOptions: {debuggerAddress: localhost:61796}, networkConnectionEnabled: false, pageLoadStrategy: normal, platformName: windows, proxy: Proxy(), se:cdp: ws://localhost:61796/devtoo..., se:cdpVersion: 126.0.6478.127, setWindowRect: true, strictFileInteractability: false, timeouts: {implicit: 0, pageLoad: 300000, script: 30000}, unhandledPromptBehavior: dismiss and notify, webauthn:extension:credBlob: true, webauthn:extension:largeBlob: true, webauthn:extension:minPinLength: true, webauthn:extension:prf: true, webauthn:virtualAuthenticators: true}
at org.openqa.selenium.support.ui.WebDriverWait.timeoutException(WebDriverWait.java:84)
at org.openqa.selenium.support.ui.FluentWait.until(FluentWait.java:228)
at com.naveenAutomationLabs.Utils.ActionUtils.click(ActionUtils.java:40)
at com.naveenAutomationLabs.Pages.RegisterAccountPage.clickYesSubscribeRadioBtn(RegisterAccountPage.java:79)
at com.naveenAutomationLabs.PageTests.RegisterAccountPageTest.createNewAccountWithSubscribingNewsletter(RegisterAccountPageTest.java:29)
at java.base/jdk.internal.reflect.NativeMethodAccessorImpl.invoke0(Native Method)
at java.base/jdk.internal.reflect.NativeMethodAccessorImpl.invoke(NativeMethodAccessorImpl.java:77)
at java.base/jdk.internal.reflect.DelegatingMethodAccessorImpl.invoke(DelegatingMethodAccessorImpl.java:43)
at java.base/java.lang.reflect.Method.invoke(Method.java:568)
at org.testng.internal.invokers.MethodInvocationHelper.invokeMethod(MethodInvocationHelper.java:135)
at org.testng.internal.invokers.TestInvoker.invokeMethod(TestInvoker.java:673)
at org.testng.internal.invokers.TestInvoker.retryFailed(TestInvoker.java:262)
at org.testng.internal.invokers.MethodRunner.runInSequence(MethodRunner.java:62)
at org.testng.internal.invokers.TestInvoker$MethodInvocationAgent.invoke(TestInvoker.java:945)
at org.testng.internal.invokers.TestInvoker.invokeTestMethods(TestInvoker.java:193)
at org.testng.internal.invokers.TestMethodWorker.invokeTestMethods(TestMethodWorker.java:146)
at org.testng.internal.invokers.TestMethodWorker.run(TestMethodWorker.java:128)
at java.base/java.util.ArrayList.forEach(ArrayList.java:1511)
at org.testng.TestRunner.privateRun(TestRunner.java:808)
at org.testng.TestRunner.run(TestRunner.java:603)
at org.testng.SuiteRunner.runTest(SuiteRunner.java:429)
at org.testng.SuiteRunner.runSequentially(SuiteRunner.java:423)
at org.testng.SuiteRunner.privateRun(SuiteRunner.java:383)
at org.testng.SuiteRunner.run(SuiteRunner.java:326)
at org.testng.SuiteRunnerWorker.runSuite(SuiteRunnerWorker.java:52)
at org.testng.SuiteRunnerWorker.run(SuiteRunnerWorker.java:95)
at org.testng.TestNG.runSuitesSequentially(TestNG.java:1249)
at org.testng.TestNG.runSuitesLocally(TestNG.java:1169)
at org.testng.TestNG.runSuites(TestNG.java:1092)
at org.testng.TestNG.run(TestNG.java:1060)
at org.testng.remote.AbstractRemoteTestNG.run(AbstractRemoteTestNG.java:115)
at org.testng.remote.RemoteTestNG.initAndRun(RemoteTestNG.java:293)
at org.testng.remote.RemoteTestNG.main(RemoteTestNG.java:91)
]]>
            </full-stacktrace>
          </exception> <!-- org.openqa.selenium.TimeoutException -->
          <reporter-output>
          </reporter-output>
        </test-method> <!-- createNewAccountWithSubscribingNewsletter -->
        <test-method is-config="true" signature="closeBrowser()[pri:0, instance:com.naveenAutomationLabs.PageTests.RegisterAccountPageTest@15043a2f]" started-at="2024-07-08T16:14:27 EDT" name="closeBrowser" finished-at="2024-07-08T16:14:27 EDT" duration-ms="295" status="PASS">
          <reporter-output>
          </reporter-output>
        </test-method> <!-- closeBrowser -->
      </class> <!-- com.naveenAutomationLabs.PageTests.RegisterAccountPageTest -->
      <class name="com.naveenAutomationLabs.PageTests.NewsletterSubscriptionPageTest">
        <test-method is-config="true" signature="setUpLogger()[pri:0, instance:com.naveenAutomationLabs.PageTests.NewsletterSubscriptionPageTest@4a83a74a]" started-at="2024-07-08T16:14:27 EDT" name="setUpLogger" finished-at="2024-07-08T16:14:27 EDT" duration-ms="4" status="PASS">
          <reporter-output>
          </reporter-output>
        </test-method> <!-- setUpLogger -->
        <test-method is-config="true" signature="setup()[pri:0, instance:com.naveenAutomationLabs.PageTests.NewsletterSubscriptionPageTest@4a83a74a]" started-at="2024-07-08T16:14:27 EDT" name="setup" finished-at="2024-07-08T16:14:32 EDT" duration-ms="4410" status="PASS">
          <reporter-output>
          </reporter-output>
        </test-method> <!-- setup -->
        <test-method signature="subscribeNewsLetter()[pri:0, instance:com.naveenAutomationLabs.PageTests.NewsletterSubscriptionPageTest@4a83a74a]" started-at="2024-07-08T16:14:32 EDT" name="subscribeNewsLetter" finished-at="2024-07-08T16:14:33 EDT" duration-ms="1450" status="PASS">
          <reporter-output>
          </reporter-output>
        </test-method> <!-- subscribeNewsLetter -->
        <test-method is-config="true" signature="closeBrowser()[pri:0, instance:com.naveenAutomationLabs.PageTests.NewsletterSubscriptionPageTest@4a83a74a]" started-at="2024-07-08T16:14:33 EDT" name="closeBrowser" finished-at="2024-07-08T16:14:33 EDT" duration-ms="222" status="PASS">
          <reporter-output>
          </reporter-output>
        </test-method> <!-- closeBrowser -->
        <test-method is-config="true" signature="setup()[pri:0, instance:com.naveenAutomationLabs.PageTests.NewsletterSubscriptionPageTest@4a83a74a]" started-at="2024-07-08T16:14:33 EDT" name="setup" finished-at="2024-07-08T16:14:38 EDT" duration-ms="4540" status="PASS">
          <reporter-output>
          </reporter-output>
        </test-method> <!-- setup -->
        <test-method signature="unSubscribeNewsLetter()[pri:0, instance:com.naveenAutomationLabs.PageTests.NewsletterSubscriptionPageTest@4a83a74a]" started-at="2024-07-08T16:14:38 EDT" name="unSubscribeNewsLetter" finished-at="2024-07-08T16:14:39 EDT" duration-ms="1410" status="PASS">
          <reporter-output>
          </reporter-output>
        </test-method> <!-- unSubscribeNewsLetter -->
        <test-method is-config="true" signature="closeBrowser()[pri:0, instance:com.naveenAutomationLabs.PageTests.NewsletterSubscriptionPageTest@4a83a74a]" started-at="2024-07-08T16:14:39 EDT" name="closeBrowser" finished-at="2024-07-08T16:14:39 EDT" duration-ms="196" status="PASS">
          <reporter-output>
          </reporter-output>
        </test-method> <!-- closeBrowser -->
      </class> <!-- com.naveenAutomationLabs.PageTests.NewsletterSubscriptionPageTest -->
      <class name="com.naveenAutomationLabs.PageTests.LaptopsAndNotebooksPageTest">
        <test-method is-config="true" signature="setUpLogger()[pri:0, instance:com.naveenAutomationLabs.PageTests.LaptopsAndNotebooksPageTest@7f485fda]" started-at="2024-07-08T16:14:52 EDT" name="setUpLogger" finished-at="2024-07-08T16:14:52 EDT" duration-ms="0" status="PASS">
          <reporter-output>
          </reporter-output>
        </test-method> <!-- setUpLogger -->
        <test-method is-config="true" signature="setup()[pri:0, instance:com.naveenAutomationLabs.PageTests.LaptopsAndNotebooksPageTest@7f485fda]" started-at="2024-07-08T16:14:52 EDT" name="setup" finished-at="2024-07-08T16:14:58 EDT" duration-ms="5827" status="PASS">
          <reporter-output>
          </reporter-output>
        </test-method> <!-- setup -->
        <test-method signature="addLaptopToTheWishList()[pri:0, instance:com.naveenAutomationLabs.PageTests.LaptopsAndNotebooksPageTest@7f485fda]" started-at="2024-07-08T16:14:58 EDT" name="addLaptopToTheWishList" finished-at="2024-07-08T16:14:59 EDT" duration-ms="1568" status="PASS">
          <reporter-output>
          </reporter-output>
        </test-method> <!-- addLaptopToTheWishList -->
        <test-method is-config="true" signature="closeBrowser()[pri:0, instance:com.naveenAutomationLabs.PageTests.LaptopsAndNotebooksPageTest@7f485fda]" started-at="2024-07-08T16:14:59 EDT" name="closeBrowser" finished-at="2024-07-08T16:14:59 EDT" duration-ms="239" status="PASS">
          <reporter-output>
          </reporter-output>
        </test-method> <!-- closeBrowser -->
        <test-method is-config="true" signature="setup()[pri:0, instance:com.naveenAutomationLabs.PageTests.LaptopsAndNotebooksPageTest@7f485fda]" started-at="2024-07-08T16:14:59 EDT" name="setup" finished-at="2024-07-08T16:15:05 EDT" duration-ms="5194" status="PASS">
          <reporter-output>
          </reporter-output>
        </test-method> <!-- setup -->
        <test-method retried="true" signature="addMacBookToTheWishList()[pri:0, instance:com.naveenAutomationLabs.PageTests.LaptopsAndNotebooksPageTest@7f485fda]" started-at="2024-07-08T16:15:05 EDT" name="addMacBookToTheWishList" finished-at="2024-07-08T16:15:06 EDT" duration-ms="1671" status="SKIP">
          <exception class="java.lang.AssertionError">
            <message>
              <![CDATA[expected [Success: You have added MacBook to your wish list!] but found [Success: You have added HP LP3065 to your wish list!]]]>
            </message>
            <full-stacktrace>
              <![CDATA[java.lang.AssertionError: expected [Success: You have added MacBook to your wish list!] but found [Success: You have added HP LP3065 to your wish list!]
at org.testng.Assert.fail(Assert.java:110)
at org.testng.Assert.failNotEquals(Assert.java:1413)
at org.testng.Assert.assertEqualsImpl(Assert.java:149)
at org.testng.Assert.assertEquals(Assert.java:131)
at org.testng.Assert.assertEquals(Assert.java:655)
at org.testng.Assert.assertEquals(Assert.java:665)
at com.naveenAutomationLabs.PageTests.LaptopsAndNotebooksPageTest.addMacBookToTheWishList(LaptopsAndNotebooksPageTest.java:43)
at java.base/jdk.internal.reflect.NativeMethodAccessorImpl.invoke0(Native Method)
at java.base/jdk.internal.reflect.NativeMethodAccessorImpl.invoke(NativeMethodAccessorImpl.java:77)
at java.base/jdk.internal.reflect.DelegatingMethodAccessorImpl.invoke(DelegatingMethodAccessorImpl.java:43)
at java.base/java.lang.reflect.Method.invoke(Method.java:568)
at org.testng.internal.invokers.MethodInvocationHelper.invokeMethod(MethodInvocationHelper.java:135)
at org.testng.internal.invokers.TestInvoker.invokeMethod(TestInvoker.java:673)
at org.testng.internal.invokers.TestInvoker.invokeTestMethod(TestInvoker.java:220)
at org.testng.internal.invokers.MethodRunner.runInSequence(MethodRunner.java:50)
at org.testng.internal.invokers.TestInvoker$MethodInvocationAgent.invoke(TestInvoker.java:945)
at org.testng.internal.invokers.TestInvoker.invokeTestMethods(TestInvoker.java:193)
at org.testng.internal.invokers.TestMethodWorker.invokeTestMethods(TestMethodWorker.java:146)
at org.testng.internal.invokers.TestMethodWorker.run(TestMethodWorker.java:128)
at java.base/java.util.ArrayList.forEach(ArrayList.java:1511)
at org.testng.TestRunner.privateRun(TestRunner.java:808)
at org.testng.TestRunner.run(TestRunner.java:603)
at org.testng.SuiteRunner.runTest(SuiteRunner.java:429)
at org.testng.SuiteRunner.runSequentially(SuiteRunner.java:423)
at org.testng.SuiteRunner.privateRun(SuiteRunner.java:383)
at org.testng.SuiteRunner.run(SuiteRunner.java:326)
at org.testng.SuiteRunnerWorker.runSuite(SuiteRunnerWorker.java:52)
at org.testng.SuiteRunnerWorker.run(SuiteRunnerWorker.java:95)
at org.testng.TestNG.runSuitesSequentially(TestNG.java:1249)
at org.testng.TestNG.runSuitesLocally(TestNG.java:1169)
at org.testng.TestNG.runSuites(TestNG.java:1092)
at org.testng.TestNG.run(TestNG.java:1060)
at org.testng.remote.AbstractRemoteTestNG.run(AbstractRemoteTestNG.java:115)
at org.testng.remote.RemoteTestNG.initAndRun(RemoteTestNG.java:293)
at org.testng.remote.RemoteTestNG.main(RemoteTestNG.java:91)
]]>
            </full-stacktrace>
          </exception> <!-- java.lang.AssertionError -->
          <reporter-output>
          </reporter-output>
        </test-method> <!-- addMacBookToTheWishList -->
        <test-method is-config="true" signature="closeBrowser()[pri:0, instance:com.naveenAutomationLabs.PageTests.LaptopsAndNotebooksPageTest@7f485fda]" started-at="2024-07-08T16:15:06 EDT" name="closeBrowser" finished-at="2024-07-08T16:15:06 EDT" duration-ms="250" status="PASS">
          <reporter-output>
          </reporter-output>
        </test-method> <!-- closeBrowser -->
        <test-method is-config="true" signature="setup()[pri:0, instance:com.naveenAutomationLabs.PageTests.LaptopsAndNotebooksPageTest@7f485fda]" started-at="2024-07-08T16:15:06 EDT" name="setup" finished-at="2024-07-08T16:15:12 EDT" duration-ms="5157" status="PASS">
          <reporter-output>
          </reporter-output>
        </test-method> <!-- setup -->
        <test-method signature="addMacBookToTheWishList()[pri:0, instance:com.naveenAutomationLabs.PageTests.LaptopsAndNotebooksPageTest@7f485fda]" started-at="2024-07-08T16:15:12 EDT" name="addMacBookToTheWishList" finished-at="2024-07-08T16:15:13 EDT" duration-ms="1584" status="FAIL">
          <exception class="java.lang.AssertionError">
            <message>
              <![CDATA[expected [Success: You have added MacBook to your wish list!] but found [Success: You have added HP LP3065 to your wish list!]]]>
            </message>
            <full-stacktrace>
              <![CDATA[java.lang.AssertionError: expected [Success: You have added MacBook to your wish list!] but found [Success: You have added HP LP3065 to your wish list!]
at org.testng.Assert.fail(Assert.java:110)
at org.testng.Assert.failNotEquals(Assert.java:1413)
at org.testng.Assert.assertEqualsImpl(Assert.java:149)
at org.testng.Assert.assertEquals(Assert.java:131)
at org.testng.Assert.assertEquals(Assert.java:655)
at org.testng.Assert.assertEquals(Assert.java:665)
at com.naveenAutomationLabs.PageTests.LaptopsAndNotebooksPageTest.addMacBookToTheWishList(LaptopsAndNotebooksPageTest.java:43)
at java.base/jdk.internal.reflect.NativeMethodAccessorImpl.invoke0(Native Method)
at java.base/jdk.internal.reflect.NativeMethodAccessorImpl.invoke(NativeMethodAccessorImpl.java:77)
at java.base/jdk.internal.reflect.DelegatingMethodAccessorImpl.invoke(DelegatingMethodAccessorImpl.java:43)
at java.base/java.lang.reflect.Method.invoke(Method.java:568)
at org.testng.internal.invokers.MethodInvocationHelper.invokeMethod(MethodInvocationHelper.java:135)
at org.testng.internal.invokers.TestInvoker.invokeMethod(TestInvoker.java:673)
at org.testng.internal.invokers.TestInvoker.retryFailed(TestInvoker.java:262)
at org.testng.internal.invokers.MethodRunner.runInSequence(MethodRunner.java:62)
at org.testng.internal.invokers.TestInvoker$MethodInvocationAgent.invoke(TestInvoker.java:945)
at org.testng.internal.invokers.TestInvoker.invokeTestMethods(TestInvoker.java:193)
at org.testng.internal.invokers.TestMethodWorker.invokeTestMethods(TestMethodWorker.java:146)
at org.testng.internal.invokers.TestMethodWorker.run(TestMethodWorker.java:128)
at java.base/java.util.ArrayList.forEach(ArrayList.java:1511)
at org.testng.TestRunner.privateRun(TestRunner.java:808)
at org.testng.TestRunner.run(TestRunner.java:603)
at org.testng.SuiteRunner.runTest(SuiteRunner.java:429)
at org.testng.SuiteRunner.runSequentially(SuiteRunner.java:423)
at org.testng.SuiteRunner.privateRun(SuiteRunner.java:383)
at org.testng.SuiteRunner.run(SuiteRunner.java:326)
at org.testng.SuiteRunnerWorker.runSuite(SuiteRunnerWorker.java:52)
at org.testng.SuiteRunnerWorker.run(SuiteRunnerWorker.java:95)
at org.testng.TestNG.runSuitesSequentially(TestNG.java:1249)
at org.testng.TestNG.runSuitesLocally(TestNG.java:1169)
at org.testng.TestNG.runSuites(TestNG.java:1092)
at org.testng.TestNG.run(TestNG.java:1060)
at org.testng.remote.AbstractRemoteTestNG.run(AbstractRemoteTestNG.java:115)
at org.testng.remote.RemoteTestNG.initAndRun(RemoteTestNG.java:293)
at org.testng.remote.RemoteTestNG.main(RemoteTestNG.java:91)
]]>
            </full-stacktrace>
          </exception> <!-- java.lang.AssertionError -->
          <reporter-output>
          </reporter-output>
        </test-method> <!-- addMacBookToTheWishList -->
        <test-method is-config="true" signature="closeBrowser()[pri:0, instance:com.naveenAutomationLabs.PageTests.LaptopsAndNotebooksPageTest@7f485fda]" started-at="2024-07-08T16:15:13 EDT" name="closeBrowser" finished-at="2024-07-08T16:15:14 EDT" duration-ms="266" status="PASS">
          <reporter-output>
          </reporter-output>
        </test-method> <!-- closeBrowser -->
        <test-method is-config="true" signature="setup()[pri:0, instance:com.naveenAutomationLabs.PageTests.LaptopsAndNotebooksPageTest@7f485fda]" started-at="2024-07-08T16:15:14 EDT" name="setup" finished-at="2024-07-08T16:15:18 EDT" duration-ms="4450" status="PASS">
          <reporter-output>
          </reporter-output>
        </test-method> <!-- setup -->
        <test-method signature="removeLaptopFromTheWishList()[pri:0, instance:com.naveenAutomationLabs.PageTests.LaptopsAndNotebooksPageTest@7f485fda]" started-at="2024-07-08T16:15:18 EDT" name="removeLaptopFromTheWishList" finished-at="2024-07-08T16:15:20 EDT" depends-on-methods="com.naveenAutomationLabs.PageTests.LaptopsAndNotebooksPageTest.addLaptopToTheWishList" duration-ms="1535" status="PASS">
          <reporter-output>
          </reporter-output>
        </test-method> <!-- removeLaptopFromTheWishList -->
        <test-method is-config="true" signature="closeBrowser()[pri:0, instance:com.naveenAutomationLabs.PageTests.LaptopsAndNotebooksPageTest@7f485fda]" started-at="2024-07-08T16:15:20 EDT" name="closeBrowser" finished-at="2024-07-08T16:15:20 EDT" duration-ms="285" status="PASS">
          <reporter-output>
          </reporter-output>
        </test-method> <!-- closeBrowser -->
        <test-method signature="removeMacBookFromTheWishList()[pri:0, instance:com.naveenAutomationLabs.PageTests.LaptopsAndNotebooksPageTest@7f485fda]" started-at="2024-07-08T16:15:20 EDT" name="removeMacBookFromTheWishList" finished-at="2024-07-08T16:15:20 EDT" depends-on-methods="com.naveenAutomationLabs.PageTests.LaptopsAndNotebooksPageTest.addMacBookToTheWishList" duration-ms="1" status="SKIP">
          <exception class="java.lang.Throwable">
            <message>
              <![CDATA[Method com.naveenAutomationLabs.PageTests.LaptopsAndNotebooksPageTest.removeMacBookFromTheWishList() on instance com.naveenAutomationLabs.PageTests.LaptopsAndNotebooksPageTest@7f485fda depends on not successfully finished methods 
[com.naveenAutomationLabs.PageTests.LaptopsAndNotebooksPageTest.addMacBookToTheWishList() on instance com.naveenAutomationLabs.PageTests.LaptopsAndNotebooksPageTest@7f485fda]]]>
            </message>
            <full-stacktrace>
              <![CDATA[java.lang.Throwable: Method com.naveenAutomationLabs.PageTests.LaptopsAndNotebooksPageTest.removeMacBookFromTheWishList() on instance com.naveenAutomationLabs.PageTests.LaptopsAndNotebooksPageTest@7f485fda depends on not successfully finished methods 
[com.naveenAutomationLabs.PageTests.LaptopsAndNotebooksPageTest.addMacBookToTheWishList() on instance com.naveenAutomationLabs.PageTests.LaptopsAndNotebooksPageTest@7f485fda]
at org.testng.internal.invokers.TestInvoker.invokeTestMethods(TestInvoker.java:149)
at org.testng.internal.invokers.TestMethodWorker.invokeTestMethods(TestMethodWorker.java:146)
at org.testng.internal.invokers.TestMethodWorker.run(TestMethodWorker.java:128)
at java.base/java.util.ArrayList.forEach(ArrayList.java:1511)
at org.testng.TestRunner.privateRun(TestRunner.java:808)
at org.testng.TestRunner.run(TestRunner.java:603)
at org.testng.SuiteRunner.runTest(SuiteRunner.java:429)
at org.testng.SuiteRunner.runSequentially(SuiteRunner.java:423)
at org.testng.SuiteRunner.privateRun(SuiteRunner.java:383)
at org.testng.SuiteRunner.run(SuiteRunner.java:326)
at org.testng.SuiteRunnerWorker.runSuite(SuiteRunnerWorker.java:52)
at org.testng.SuiteRunnerWorker.run(SuiteRunnerWorker.java:95)
at org.testng.TestNG.runSuitesSequentially(TestNG.java:1249)
at org.testng.TestNG.runSuitesLocally(TestNG.java:1169)
at org.testng.TestNG.runSuites(TestNG.java:1092)
at org.testng.TestNG.run(TestNG.java:1060)
at org.testng.remote.AbstractRemoteTestNG.run(AbstractRemoteTestNG.java:115)
at org.testng.remote.RemoteTestNG.initAndRun(RemoteTestNG.java:293)
at org.testng.remote.RemoteTestNG.main(RemoteTestNG.java:91)
]]>
            </full-stacktrace>
          </exception> <!-- java.lang.Throwable -->
          <reporter-output>
          </reporter-output>
        </test-method> <!-- removeMacBookFromTheWishList -->
      </class> <!-- com.naveenAutomationLabs.PageTests.LaptopsAndNotebooksPageTest -->
      <class name="com.naveenAutomationLabs.PageTests.AffiliateInformationPageTest">
        <test-method is-config="true" signature="setUpLogger()[pri:0, instance:com.naveenAutomationLabs.PageTests.AffiliateInformationPageTest@4c60d6e9]" started-at="2024-07-08T16:13:08 EDT" name="setUpLogger" finished-at="2024-07-08T16:13:08 EDT" duration-ms="3" status="PASS">
          <reporter-output>
          </reporter-output>
        </test-method> <!-- setUpLogger -->
        <test-method is-config="true" signature="setup()[pri:0, instance:com.naveenAutomationLabs.PageTests.AffiliateInformationPageTest@4c60d6e9]" started-at="2024-07-08T16:13:08 EDT" name="setup" finished-at="2024-07-08T16:13:12 EDT" duration-ms="4464" status="PASS">
          <reporter-output>
          </reporter-output>
        </test-method> <!-- setup -->
        <test-method signature="modifyBankPaymentMethod()[pri:0, instance:com.naveenAutomationLabs.PageTests.AffiliateInformationPageTest@4c60d6e9]" started-at="2024-07-08T16:13:12 EDT" name="modifyBankPaymentMethod" finished-at="2024-07-08T16:13:15 EDT" duration-ms="2398" status="PASS">
          <reporter-output>
          </reporter-output>
        </test-method> <!-- modifyBankPaymentMethod -->
        <test-method is-config="true" signature="closeBrowser()[pri:0, instance:com.naveenAutomationLabs.PageTests.AffiliateInformationPageTest@4c60d6e9]" started-at="2024-07-08T16:13:15 EDT" name="closeBrowser" finished-at="2024-07-08T16:13:15 EDT" duration-ms="231" status="PASS">
          <reporter-output>
          </reporter-output>
        </test-method> <!-- closeBrowser -->
        <test-method is-config="true" signature="setup()[pri:0, instance:com.naveenAutomationLabs.PageTests.AffiliateInformationPageTest@4c60d6e9]" started-at="2024-07-08T16:13:15 EDT" name="setup" finished-at="2024-07-08T16:13:20 EDT" duration-ms="4532" status="PASS">
          <reporter-output>
          </reporter-output>
        </test-method> <!-- setup -->
        <test-method signature="modifyChequePaymentMethod()[pri:0, instance:com.naveenAutomationLabs.PageTests.AffiliateInformationPageTest@4c60d6e9]" started-at="2024-07-08T16:13:20 EDT" name="modifyChequePaymentMethod" finished-at="2024-07-08T16:13:22 EDT" duration-ms="2125" status="PASS">
          <reporter-output>
          </reporter-output>
        </test-method> <!-- modifyChequePaymentMethod -->
        <test-method is-config="true" signature="closeBrowser()[pri:0, instance:com.naveenAutomationLabs.PageTests.AffiliateInformationPageTest@4c60d6e9]" started-at="2024-07-08T16:13:22 EDT" name="closeBrowser" finished-at="2024-07-08T16:13:22 EDT" duration-ms="224" status="PASS">
          <reporter-output>
          </reporter-output>
        </test-method> <!-- closeBrowser -->
        <test-method is-config="true" signature="setup()[pri:0, instance:com.naveenAutomationLabs.PageTests.AffiliateInformationPageTest@4c60d6e9]" started-at="2024-07-08T16:13:22 EDT" name="setup" finished-at="2024-07-08T16:13:26 EDT" duration-ms="4445" status="PASS">
          <reporter-output>
          </reporter-output>
        </test-method> <!-- setup -->
        <test-method signature="modifyPayPalPaymentMethod()[pri:0, instance:com.naveenAutomationLabs.PageTests.AffiliateInformationPageTest@4c60d6e9]" started-at="2024-07-08T16:13:26 EDT" name="modifyPayPalPaymentMethod" finished-at="2024-07-08T16:13:29 EDT" duration-ms="2215" status="PASS">
          <reporter-output>
          </reporter-output>
        </test-method> <!-- modifyPayPalPaymentMethod -->
        <test-method is-config="true" signature="closeBrowser()[pri:0, instance:com.naveenAutomationLabs.PageTests.AffiliateInformationPageTest@4c60d6e9]" started-at="2024-07-08T16:13:29 EDT" name="closeBrowser" finished-at="2024-07-08T16:13:29 EDT" duration-ms="240" status="PASS">
          <reporter-output>
          </reporter-output>
        </test-method> <!-- closeBrowser -->
      </class> <!-- com.naveenAutomationLabs.PageTests.AffiliateInformationPageTest -->
      <class name="com.naveenAutomationLabs.PageTests.AccountLoginPageTest">
        <test-method is-config="true" signature="setUpLogger()[pri:0, instance:com.naveenAutomationLabs.PageTests.AccountLoginPageTest@196a42c3]" started-at="2024-07-08T16:12:46 EDT" name="setUpLogger" finished-at="2024-07-08T16:12:46 EDT" duration-ms="3" status="PASS">
          <reporter-output>
          </reporter-output>
        </test-method> <!-- setUpLogger -->
        <test-method is-config="true" signature="setup()[pri:0, instance:com.naveenAutomationLabs.PageTests.AccountLoginPageTest@196a42c3]" started-at="2024-07-08T16:12:46 EDT" name="setup" finished-at="2024-07-08T16:12:49 EDT" duration-ms="3563" status="PASS">
          <reporter-output>
          </reporter-output>
        </test-method> <!-- setup -->
        <test-method signature="validateForgetPwdFunctionality()[pri:0, instance:com.naveenAutomationLabs.PageTests.AccountLoginPageTest@196a42c3]" started-at="2024-07-08T16:12:49 EDT" name="validateForgetPwdFunctionality" finished-at="2024-07-08T16:12:51 EDT" duration-ms="1861" status="PASS">
          <reporter-output>
          </reporter-output>
        </test-method> <!-- validateForgetPwdFunctionality -->
        <test-method is-config="true" signature="closeBrowser()[pri:0, instance:com.naveenAutomationLabs.PageTests.AccountLoginPageTest@196a42c3]" started-at="2024-07-08T16:12:51 EDT" name="closeBrowser" finished-at="2024-07-08T16:12:52 EDT" duration-ms="203" status="PASS">
          <reporter-output>
          </reporter-output>
        </test-method> <!-- closeBrowser -->
        <test-method is-config="true" signature="setup()[pri:0, instance:com.naveenAutomationLabs.PageTests.AccountLoginPageTest@196a42c3]" started-at="2024-07-08T16:12:52 EDT" name="setup" finished-at="2024-07-08T16:12:55 EDT" duration-ms="3279" status="PASS">
          <reporter-output>
          </reporter-output>
        </test-method> <!-- setup -->
        <test-method signature="validateLoginWithInValidCredentials()[pri:0, instance:com.naveenAutomationLabs.PageTests.AccountLoginPageTest@196a42c3]" started-at="2024-07-08T16:12:55 EDT" name="validateLoginWithInValidCredentials" finished-at="2024-07-08T16:12:56 EDT" duration-ms="959" status="PASS">
          <reporter-output>
          </reporter-output>
        </test-method> <!-- validateLoginWithInValidCredentials -->
        <test-method is-config="true" signature="closeBrowser()[pri:0, instance:com.naveenAutomationLabs.PageTests.AccountLoginPageTest@196a42c3]" started-at="2024-07-08T16:12:56 EDT" name="closeBrowser" finished-at="2024-07-08T16:12:56 EDT" duration-ms="203" status="PASS">
          <reporter-output>
          </reporter-output>
        </test-method> <!-- closeBrowser -->
        <test-method is-config="true" signature="setup()[pri:0, instance:com.naveenAutomationLabs.PageTests.AccountLoginPageTest@196a42c3]" started-at="2024-07-08T16:12:58 EDT" name="setup" finished-at="2024-07-08T16:13:02 EDT" duration-ms="3250" status="PASS">
          <reporter-output>
          </reporter-output>
        </test-method> <!-- setup -->
        <test-method signature="validateLoginWithValidCredentials(java.lang.String,java.lang.String)[pri:0, instance:com.naveenAutomationLabs.PageTests.AccountLoginPageTest@196a42c3]" started-at="2024-07-08T16:13:02 EDT" name="validateLoginWithValidCredentials" data-provider="ValidLoginData" finished-at="2024-07-08T16:13:03 EDT" duration-ms="1218" status="PASS">
          <params>
            <param index="0">
              <value>
                <![CDATA[gurleen11296@gmail.com]]>
              </value>
            </param>
            <param index="1">
              <value>
                <![CDATA[Password123]]>
              </value>
            </param>
          </params>
          <reporter-output>
          </reporter-output>
        </test-method> <!-- validateLoginWithValidCredentials -->
        <test-method is-config="true" signature="closeBrowser()[pri:0, instance:com.naveenAutomationLabs.PageTests.AccountLoginPageTest@196a42c3]" started-at="2024-07-08T16:13:03 EDT" name="closeBrowser" finished-at="2024-07-08T16:13:03 EDT" duration-ms="201" status="PASS">
          <reporter-output>
          </reporter-output>
        </test-method> <!-- closeBrowser -->
        <test-method is-config="true" signature="setup()[pri:0, instance:com.naveenAutomationLabs.PageTests.AccountLoginPageTest@196a42c3]" started-at="2024-07-08T16:13:03 EDT" name="setup" finished-at="2024-07-08T16:13:06 EDT" duration-ms="3499" status="PASS">
          <reporter-output>
          </reporter-output>
        </test-method> <!-- setup -->
        <test-method signature="validateLoginWithValidCredentials(java.lang.String,java.lang.String)[pri:0, instance:com.naveenAutomationLabs.PageTests.AccountLoginPageTest@196a42c3]" started-at="2024-07-08T16:13:06 EDT" name="validateLoginWithValidCredentials" data-provider="ValidLoginData" finished-at="2024-07-08T16:13:08 EDT" duration-ms="1213" status="PASS">
          <params>
            <param index="0">
              <value>
                <![CDATA[gurleen12345@gmail.com]]>
              </value>
            </param>
            <param index="1">
              <value>
                <![CDATA[Password1234]]>
              </value>
            </param>
          </params>
          <reporter-output>
          </reporter-output>
        </test-method> <!-- validateLoginWithValidCredentials -->
        <test-method is-config="true" signature="closeBrowser()[pri:0, instance:com.naveenAutomationLabs.PageTests.AccountLoginPageTest@196a42c3]" started-at="2024-07-08T16:13:08 EDT" name="closeBrowser" finished-at="2024-07-08T16:13:08 EDT" duration-ms="201" status="PASS">
          <reporter-output>
          </reporter-output>
        </test-method> <!-- closeBrowser -->
      </class> <!-- com.naveenAutomationLabs.PageTests.AccountLoginPageTest -->
      <class name="com.naveenAutomationLabs.PageTests.ContactUsPageTest">
        <test-method is-config="true" signature="setUpLogger()[pri:0, instance:com.naveenAutomationLabs.PageTests.ContactUsPageTest@4b29d1d2]" started-at="2024-07-08T16:14:45 EDT" name="setUpLogger" finished-at="2024-07-08T16:14:45 EDT" duration-ms="0" status="PASS">
          <reporter-output>
          </reporter-output>
        </test-method> <!-- setUpLogger -->
        <test-method is-config="true" signature="setup()[pri:0, instance:com.naveenAutomationLabs.PageTests.ContactUsPageTest@4b29d1d2]" started-at="2024-07-08T16:14:45 EDT" name="setup" finished-at="2024-07-08T16:14:49 EDT" duration-ms="4420" status="PASS">
          <reporter-output>
          </reporter-output>
        </test-method> <!-- setup -->
        <test-method signature="submitContactUsForm()[pri:0, instance:com.naveenAutomationLabs.PageTests.ContactUsPageTest@4b29d1d2]" started-at="2024-07-08T16:14:49 EDT" name="submitContactUsForm" finished-at="2024-07-08T16:14:52 EDT" duration-ms="2271" status="PASS">
          <reporter-output>
          </reporter-output>
        </test-method> <!-- submitContactUsForm -->
        <test-method is-config="true" signature="closeBrowser()[pri:0, instance:com.naveenAutomationLabs.PageTests.ContactUsPageTest@4b29d1d2]" started-at="2024-07-08T16:14:52 EDT" name="closeBrowser" finished-at="2024-07-08T16:14:52 EDT" duration-ms="196" status="PASS">
          <reporter-output>
          </reporter-output>
        </test-method> <!-- closeBrowser -->
      </class> <!-- com.naveenAutomationLabs.PageTests.ContactUsPageTest -->
    </test> <!-- Test -->
  </suite> <!-- Suite -->
</testng-results>
